16/08/2009 03:33:35 (InfL1)	+-+-+-+-+-+-+-+-+-+-+-+-+-+-+-+-+-+-+-+-+-+-+-+-+-+-+-+-+-+-+-+-+-+-+-+-+-+-+-+
16/08/2009 03:33:35 (InfL1)	+                     Crazy Eddie's GUI System - Event log                    +
16/08/2009 03:33:35 (InfL1)	+                          (http://www.cegui.org.uk/)                         +
16/08/2009 03:33:35 (InfL1)	+-+-+-+-+-+-+-+-+-+-+-+-+-+-+-+-+-+-+-+-+-+-+-+-+-+-+-+-+-+-+-+-+-+-+-+-+-+-+-+

16/08/2009 03:33:35 (InfL1)	CEGUI::Logger singleton created.
16/08/2009 03:33:35 (InfL1)	---- Begining CEGUI System initialisation ----
16/08/2009 03:33:35 (InfL1)	CEGUI::ImagesetManager singleton created
16/08/2009 03:33:35 (InfL1)	CEGUI::FontManager singleton created.
16/08/2009 03:33:35 (InfL1)	CEGUI::WindowFactoryManager singleton created
16/08/2009 03:33:35 (InfL1)	CEGUI::WindowManager singleton created
16/08/2009 03:33:35 (InfL1)	CEGUI::SchemeManager singleton created.
16/08/2009 03:33:35 (InfL1)	CEGUI::MouseCursor singleton created.
16/08/2009 03:33:35 (InfL1)	CEGUI::GlobalEventSet singleton created.
16/08/2009 03:33:35 (InfL1)	CEGUI::WidgetLookManager singleton created.
16/08/2009 03:33:35 (InfL1)	CEGUI::WindowRendererManager singleton created
16/08/2009 03:33:35 (InfL1)	WindowFactory for 'DefaultWindow' windows added.
16/08/2009 03:33:35 (InfL1)	WindowFactory for 'DragContainer' windows added.
16/08/2009 03:33:35 (InfL1)	WindowFactory for 'ScrolledContainer' windows added.
16/08/2009 03:33:35 (InfL1)	WindowFactory for 'ClippedContainer' windows added.
16/08/2009 03:33:35 (InfL1)	WindowFactory for 'CEGUI/Checkbox' windows added.
16/08/2009 03:33:35 (InfL1)	WindowFactory for 'CEGUI/PushButton' windows added.
16/08/2009 03:33:35 (InfL1)	WindowFactory for 'CEGUI/RadioButton' windows added.
16/08/2009 03:33:35 (InfL1)	WindowFactory for 'CEGUI/Combobox' windows added.
16/08/2009 03:33:35 (InfL1)	WindowFactory for 'CEGUI/ComboDropList' windows added.
16/08/2009 03:33:35 (InfL1)	WindowFactory for 'CEGUI/Editbox' windows added.
16/08/2009 03:33:35 (InfL1)	WindowFactory for 'CEGUI/FrameWindow' windows added.
16/08/2009 03:33:35 (InfL1)	WindowFactory for 'CEGUI/ItemEntry' windows added.
16/08/2009 03:33:35 (InfL1)	WindowFactory for 'CEGUI/Listbox' windows added.
16/08/2009 03:33:35 (InfL1)	WindowFactory for 'CEGUI/ListHeader' windows added.
16/08/2009 03:33:35 (InfL1)	WindowFactory for 'CEGUI/ListHeaderSegment' windows added.
16/08/2009 03:33:35 (InfL1)	WindowFactory for 'CEGUI/Menubar' windows added.
16/08/2009 03:33:35 (InfL1)	WindowFactory for 'CEGUI/PopupMenu' windows added.
16/08/2009 03:33:35 (InfL1)	WindowFactory for 'CEGUI/MenuItem' windows added.
16/08/2009 03:33:35 (InfL1)	WindowFactory for 'CEGUI/MultiColumnList' windows added.
16/08/2009 03:33:35 (InfL1)	WindowFactory for 'CEGUI/MultiLineEditbox' windows added.
16/08/2009 03:33:35 (InfL1)	WindowFactory for 'CEGUI/ProgressBar' windows added.
16/08/2009 03:33:35 (InfL1)	WindowFactory for 'CEGUI/ScrollablePane' windows added.
16/08/2009 03:33:35 (InfL1)	WindowFactory for 'CEGUI/Scrollbar' windows added.
16/08/2009 03:33:35 (InfL1)	WindowFactory for 'CEGUI/Slider' windows added.
16/08/2009 03:33:35 (InfL1)	WindowFactory for 'CEGUI/Spinner' windows added.
16/08/2009 03:33:35 (InfL1)	WindowFactory for 'CEGUI/TabButton' windows added.
16/08/2009 03:33:35 (InfL1)	WindowFactory for 'CEGUI/TabControl' windows added.
16/08/2009 03:33:35 (InfL1)	WindowFactory for 'CEGUI/Thumb' windows added.
16/08/2009 03:33:35 (InfL1)	WindowFactory for 'CEGUI/Titlebar' windows added.
16/08/2009 03:33:35 (InfL1)	WindowFactory for 'CEGUI/Tooltip' windows added.
16/08/2009 03:33:35 (InfL1)	WindowFactory for 'CEGUI/ItemListbox' windows added.
16/08/2009 03:33:35 (InfL1)	Window type alias named 'DefaultGUISheet' added for window type 'DefaultWindow'.
16/08/2009 03:33:35 (InfL1)	CEGUI::System singleton created.
16/08/2009 03:33:35 (InfL1)	---- CEGUI System initialisation completed ----
16/08/2009 03:33:35 (InfL1)	---- Version 0.5.1 ----
16/08/2009 03:33:35 (InfL1)	---- Renderer module is: CEGUI::OgreRenderer - Official Ogre based renderer module for CEGUI ----
16/08/2009 03:33:35 (InfL1)	---- XML Parser module is: CEGUI::ExpatParser - Official expat based parser module for CEGUI ----
16/08/2009 03:33:35 (InfL1)	---- Scripting module is: None ----
16/08/2009 03:33:35 (InfL1)	Attempting to load Scheme from file 'TaharezLookSkin.scheme'.
16/08/2009 03:33:35 (InfL1)	Attempting to create an Imageset from the information specified in file 'TaharezLook.imageset'.
16/08/2009 03:33:35 (InfL1)	Started creation of Imageset from XML specification:
16/08/2009 03:33:35 (InfL1)	---- CEGUI Imageset name: TaharezLook
16/08/2009 03:33:35 (InfL1)	---- Source texture file: TaharezLook.tga in resource group: (Default)
16/08/2009 03:33:35 (InfL1)	Attempting to create Font from the information specified in file 'bluehighway-12.font'.
16/08/2009 03:33:35 (InfL1)	Started creation of FreeType Font:
16/08/2009 03:33:35 (InfL1)	---- CEGUI font name: BlueHighway-12
16/08/2009 03:33:35 (InfL1)	----     Source file: bluehigh.ttf in resource group: (Default)
16/08/2009 03:33:35 (InfL1)	---- Real point size: 12
16/08/2009 03:33:35 (InfL1)	Succsessfully loaded 289 glyphs
16/08/2009 03:33:35 (InfL1)	Attempting to create Font from the information specified in file 'bluehighway-10.font'.
16/08/2009 03:33:35 (InfL1)	Started creation of FreeType Font:
16/08/2009 03:33:35 (InfL1)	---- CEGUI font name: BlueHighway-10
16/08/2009 03:33:35 (InfL1)	----     Source file: bluehigh.ttf in resource group: (Default)
16/08/2009 03:33:35 (InfL1)	---- Real point size: 10
16/08/2009 03:33:35 (InfL1)	Succsessfully loaded 289 glyphs
16/08/2009 03:33:35 (InfL1)	Attempting to create Font from the information specified in file 'bluehighway-8.font'.
16/08/2009 03:33:35 (InfL1)	Started creation of FreeType Font:
16/08/2009 03:33:35 (InfL1)	---- CEGUI font name: BlueHighway-8
16/08/2009 03:33:35 (InfL1)	----     Source file: bluehigh.ttf in resource group: (Default)
16/08/2009 03:33:35 (InfL1)	---- Real point size: 8
16/08/2009 03:33:35 (InfL1)	Succsessfully loaded 289 glyphs
16/08/2009 03:33:35 (InfL1)	===== Falagard 'root' element: look and feel parsing begins =====
16/08/2009 03:33:36 (InfL1)	===== Look and feel parsing completed =====
16/08/2009 03:33:36 (InfL1)	No window renderer factories specified for module 'CEGUIFalagardWRBase' - adding all available factories...
16/08/2009 03:33:36 (InfL1)	WindowRendererFactory 'Falagard/Button' added.
16/08/2009 03:33:36 (InfL1)	WindowRendererFactory 'Falagard/Default' added.
16/08/2009 03:33:36 (InfL1)	WindowRendererFactory 'Falagard/Editbox' added.
16/08/2009 03:33:36 (InfL1)	WindowRendererFactory 'Falagard/FrameWindow' added.
16/08/2009 03:33:36 (InfL1)	WindowRendererFactory 'Falagard/ItemEntry' added.
16/08/2009 03:33:36 (InfL1)	WindowRendererFactory 'Falagard/ListHeader' added.
16/08/2009 03:33:36 (InfL1)	WindowRendererFactory 'Falagard/ListHeaderSegment' added.
16/08/2009 03:33:36 (InfL1)	WindowRendererFactory 'Falagard/Listbox' added.
16/08/2009 03:33:36 (InfL1)	WindowRendererFactory 'Falagard/Menubar' added.
16/08/2009 03:33:36 (InfL1)	WindowRendererFactory 'Falagard/MenuItem' added.
16/08/2009 03:33:36 (InfL1)	WindowRendererFactory 'Falagard/MultiColumnList' added.
16/08/2009 03:33:36 (InfL1)	WindowRendererFactory 'Falagard/MultiLineEditbox' added.
16/08/2009 03:33:36 (InfL1)	WindowRendererFactory 'Falagard/PopupMenu' added.
16/08/2009 03:33:36 (InfL1)	WindowRendererFactory 'Falagard/ProgressBar' added.
16/08/2009 03:33:36 (InfL1)	WindowRendererFactory 'Falagard/ScrollablePane' added.
16/08/2009 03:33:36 (InfL1)	WindowRendererFactory 'Falagard/Scrollbar' added.
16/08/2009 03:33:36 (InfL1)	WindowRendererFactory 'Falagard/Slider' added.
16/08/2009 03:33:36 (InfL1)	WindowRendererFactory 'Falagard/Static' added.
16/08/2009 03:33:36 (InfL1)	WindowRendererFactory 'Falagard/StaticImage' added.
16/08/2009 03:33:36 (InfL1)	WindowRendererFactory 'Falagard/StaticText' added.
16/08/2009 03:33:36 (InfL1)	WindowRendererFactory 'Falagard/SystemButton' added.
16/08/2009 03:33:36 (InfL1)	WindowRendererFactory 'Falagard/TabButton' added.
16/08/2009 03:33:36 (InfL1)	WindowRendererFactory 'Falagard/TabControl' added.
16/08/2009 03:33:36 (InfL1)	WindowRendererFactory 'Falagard/Titlebar' added.
16/08/2009 03:33:36 (InfL1)	WindowRendererFactory 'Falagard/ToggleButton' added.
16/08/2009 03:33:36 (InfL1)	WindowRendererFactory 'Falagard/Tooltip' added.
16/08/2009 03:33:36 (InfL1)	WindowRendererFactory 'Falagard/ItemListbox' added.
16/08/2009 03:33:36 (InfL1)	Creating falagard mapping for type 'TaharezLook/Button' using base type 'CEGUI/PushButton', window renderer 'Falagard/Button' and Look'N'Feel 'TaharezLook/Button'.
16/08/2009 03:33:36 (InfL1)	Creating falagard mapping for type 'TaharezLook/Checkbox' using base type 'CEGUI/Checkbox', window renderer 'Falagard/ToggleButton' and Look'N'Feel 'TaharezLook/Checkbox'.
16/08/2009 03:33:36 (InfL1)	Creating falagard mapping for type 'TaharezLook/ImageButton' using base type 'CEGUI/PushButton', window renderer 'Falagard/Button' and Look'N'Feel 'TaharezLook/ImageButton'.
16/08/2009 03:33:36 (InfL1)	Creating falagard mapping for type 'TaharezLook/RadioButton' using base type 'CEGUI/RadioButton', window renderer 'Falagard/ToggleButton' and Look'N'Feel 'TaharezLook/RadioButton'.
16/08/2009 03:33:36 (InfL1)	Creating falagard mapping for type 'TaharezLook/FrameWindow' using base type 'CEGUI/FrameWindow', window renderer 'Falagard/FrameWindow' and Look'N'Feel 'TaharezLook/FrameWindow'.
16/08/2009 03:33:36 (InfL1)	Creating falagard mapping for type 'TaharezLook/Titlebar' using base type 'CEGUI/Titlebar', window renderer 'Falagard/Titlebar' and Look'N'Feel 'TaharezLook/Titlebar'.
16/08/2009 03:33:36 (InfL1)	Creating falagard mapping for type 'TaharezLook/SystemButton' using base type 'CEGUI/PushButton', window renderer 'Falagard/SystemButton' and Look'N'Feel 'TaharezLook/Button'.
16/08/2009 03:33:36 (InfL1)	Creating falagard mapping for type 'TaharezLook/Editbox' using base type 'CEGUI/Editbox', window renderer 'Falagard/Editbox' and Look'N'Feel 'TaharezLook/Editbox'.
16/08/2009 03:33:36 (InfL1)	Creating falagard mapping for type 'TaharezLook/MultiLineEditbox' using base type 'CEGUI/MultiLineEditbox', window renderer 'Falagard/MultiLineEditbox' and Look'N'Feel 'TaharezLook/MultiLineEditbox'.
16/08/2009 03:33:36 (InfL1)	Creating falagard mapping for type 'TaharezLook/Menubar' using base type 'CEGUI/Menubar', window renderer 'Falagard/Menubar' and Look'N'Feel 'TaharezLook/Menubar'.
16/08/2009 03:33:36 (InfL1)	Creating falagard mapping for type 'TaharezLook/PopupMenu' using base type 'CEGUI/PopupMenu', window renderer 'Falagard/PopupMenu' and Look'N'Feel 'TaharezLook/PopupMenu'.
16/08/2009 03:33:36 (InfL1)	Creating falagard mapping for type 'TaharezLook/MenuItem' using base type 'CEGUI/MenuItem', window renderer 'Falagard/MenuItem' and Look'N'Feel 'TaharezLook/MenuItem'.
16/08/2009 03:33:36 (InfL1)	Creating falagard mapping for type 'TaharezLook/AlternateProgressBar' using base type 'CEGUI/ProgressBar', window renderer 'Falagard/ProgressBar' and Look'N'Feel 'TaharezLook/AltProgressBar'.
16/08/2009 03:33:36 (InfL1)	Creating falagard mapping for type 'TaharezLook/ProgressBar' using base type 'CEGUI/ProgressBar', window renderer 'Falagard/ProgressBar' and Look'N'Feel 'TaharezLook/ProgressBar'.
16/08/2009 03:33:36 (InfL1)	Creating falagard mapping for type 'TaharezLook/VUMeter' using base type 'CEGUI/ProgressBar', window renderer 'Falagard/ProgressBar' and Look'N'Feel 'TaharezLook/VUMeter'.
16/08/2009 03:33:36 (InfL1)	Creating falagard mapping for type 'TaharezLook/VerticalScrollbar' using base type 'CEGUI/Scrollbar', window renderer 'Falagard/Scrollbar' and Look'N'Feel 'TaharezLook/VerticalScrollbar'.
16/08/2009 03:33:36 (InfL1)	Creating falagard mapping for type 'TaharezLook/HorizontalScrollbar' using base type 'CEGUI/Scrollbar', window renderer 'Falagard/Scrollbar' and Look'N'Feel 'TaharezLook/HorizontalScrollbar'.
16/08/2009 03:33:36 (InfL1)	Creating falagard mapping for type 'TaharezLook/VerticalScrollbarThumb' using base type 'CEGUI/Thumb', window renderer 'Falagard/Button' and Look'N'Feel 'TaharezLook/VerticalScrollbarThumb'.
16/08/2009 03:33:36 (InfL1)	Creating falagard mapping for type 'TaharezLook/HorizontalScrollbarThumb' using base type 'CEGUI/Thumb', window renderer 'Falagard/Button' and Look'N'Feel 'TaharezLook/HorizontalScrollbarThumb'.
16/08/2009 03:33:36 (InfL1)	Creating falagard mapping for type 'TaharezLook/LargeVerticalScrollbar' using base type 'CEGUI/Scrollbar', window renderer 'Falagard/Scrollbar' and Look'N'Feel 'TaharezLook/LargeVerticalScrollbar'.
16/08/2009 03:33:36 (InfL1)	Creating falagard mapping for type 'TaharezLook/LargeVerticalScrollbarThumb' using base type 'CEGUI/Thumb', window renderer 'Falagard/Button' and Look'N'Feel 'TaharezLook/LargeVerticalScrollbarThumb'.
16/08/2009 03:33:36 (InfL1)	Creating falagard mapping for type 'TaharezLook/TabButton' using base type 'CEGUI/TabButton', window renderer 'Falagard/TabButton' and Look'N'Feel 'TaharezLook/TabButton'.
16/08/2009 03:33:36 (InfL1)	Creating falagard mapping for type 'TaharezLook/TabControl' using base type 'CEGUI/TabControl', window renderer 'Falagard/TabControl' and Look'N'Feel 'TaharezLook/TabControl'.
16/08/2009 03:33:36 (InfL1)	Creating falagard mapping for type 'TaharezLook/TabContentPane' using base type 'DefaultWindow', window renderer 'Falagard/Default' and Look'N'Feel 'TaharezLook/TabContentPane'.
16/08/2009 03:33:36 (InfL1)	Creating falagard mapping for type 'TaharezLook/TabButtonPane' using base type 'DefaultWindow', window renderer 'Falagard/Default' and Look'N'Feel 'TaharezLook/TabButtonPane'.
16/08/2009 03:33:36 (InfL1)	Creating falagard mapping for type 'TaharezLook/ComboDropList' using base type 'CEGUI/ComboDropList', window renderer 'Falagard/Listbox' and Look'N'Feel 'TaharezLook/ComboDropList'.
16/08/2009 03:33:36 (InfL1)	Creating falagard mapping for type 'TaharezLook/ComboEditbox' using base type 'CEGUI/Editbox', window renderer 'Falagard/Editbox' and Look'N'Feel 'TaharezLook/ComboEditbox'.
16/08/2009 03:33:36 (InfL1)	Creating falagard mapping for type 'TaharezLook/Combobox' using base type 'CEGUI/Combobox', window renderer 'Falagard/Default' and Look'N'Feel 'TaharezLook/Combobox'.
16/08/2009 03:33:36 (InfL1)	Creating falagard mapping for type 'TaharezLook/Listbox' using base type 'CEGUI/Listbox', window renderer 'Falagard/Listbox' and Look'N'Feel 'TaharezLook/Listbox'.
16/08/2009 03:33:36 (InfL1)	Creating falagard mapping for type 'TaharezLook/ListHeader' using base type 'CEGUI/ListHeader', window renderer 'Falagard/ListHeader' and Look'N'Feel 'TaharezLook/ListHeader'.
16/08/2009 03:33:36 (InfL1)	Creating falagard mapping for type 'TaharezLook/ListHeaderSegment' using base type 'CEGUI/ListHeaderSegment', window renderer 'Falagard/ListHeaderSegment' and Look'N'Feel 'TaharezLook/ListHeaderSegment'.
16/08/2009 03:33:36 (InfL1)	Creating falagard mapping for type 'TaharezLook/MultiColumnList' using base type 'CEGUI/MultiColumnList', window renderer 'Falagard/MultiColumnList' and Look'N'Feel 'TaharezLook/MultiColumnList'.
16/08/2009 03:33:36 (InfL1)	Creating falagard mapping for type 'TaharezLook/Slider' using base type 'CEGUI/Slider', window renderer 'Falagard/Slider' and Look'N'Feel 'TaharezLook/Slider'.
16/08/2009 03:33:36 (InfL1)	Creating falagard mapping for type 'TaharezLook/SliderThumb' using base type 'CEGUI/Thumb', window renderer 'Falagard/Button' and Look'N'Feel 'TaharezLook/SliderThumb'.
16/08/2009 03:33:36 (InfL1)	Creating falagard mapping for type 'TaharezLook/ScrollablePane' using base type 'CEGUI/ScrollablePane', window renderer 'Falagard/ScrollablePane' and Look'N'Feel 'TaharezLook/ScrollablePane'.
16/08/2009 03:33:36 (InfL1)	Creating falagard mapping for type 'TaharezLook/Spinner' using base type 'CEGUI/Spinner', window renderer 'Falagard/Default' and Look'N'Feel 'TaharezLook/Spinner'.
16/08/2009 03:33:36 (InfL1)	Creating falagard mapping for type 'TaharezLook/Tooltip' using base type 'CEGUI/Tooltip', window renderer 'Falagard/Tooltip' and Look'N'Feel 'TaharezLook/Tooltip'.
16/08/2009 03:33:36 (InfL1)	Creating falagard mapping for type 'TaharezLook/StaticImage' using base type 'DefaultWindow', window renderer 'Falagard/StaticImage' and Look'N'Feel 'TaharezLook/StaticImage'.
16/08/2009 03:33:36 (InfL1)	Creating falagard mapping for type 'TaharezLook/StaticText' using base type 'DefaultWindow', window renderer 'Falagard/StaticText' and Look'N'Feel 'TaharezLook/StaticText'.
16/08/2009 03:33:37 (InfL1)	Attempting to create Imageset 'Minimap/URAVMap/R2tImageSet' with texture only.
16/08/2009 03:33:38 (InfL1)	Attempting to create Imageset 'Minimap/TankMap/R2tImageSet' with texture only.
16/08/2009 03:33:38 (InfL1)	Attempting to create Imageset 'Minimap/SateliteMap/R2tImageSet' with texture only.
16/08/2009 03:33:40 (InfL1)	Attempting to create Imageset 'BlueHighway-12_auto_glyph_images_ ' with texture only.
16/08/2009 03:35:05 (InfL1)	---- Begining CEGUI System destruction ----
16/08/2009 03:35:05 (InfL1)	---- Begining cleanup of GUI Scheme system ----
16/08/2009 03:35:05 (InfL1)	Font 'BlueHighway-12' has been destroyed.
16/08/2009 03:35:05 (InfL1)	Font 'BlueHighway-10' has been destroyed.
16/08/2009 03:35:05 (InfL1)	Font 'BlueHighway-8' has been destroyed.
16/08/2009 03:35:05 (InfL1)	Scheme 'TaharezLook' has been unloaded.
16/08/2009 03:35:05 (InfL1)	CEGUI::SchemeManager singleton destroyed.
16/08/2009 03:35:05 (InfL1)	CEGUI::WindowManager singleton destroyed
16/08/2009 03:35:05 (InfL1)	CEGUI::WindowFactoryManager singleton destroyed
16/08/2009 03:35:05 (InfL1)	CEGUI::WidgetLookManager singleton destroyed.
16/08/2009 03:35:05 (InfL1)	CEGUI::WindowRendererManager singleton destroyed
16/08/2009 03:35:05 (InfL1)	---- Begining cleanup of Font system ----
16/08/2009 03:35:05 (InfL1)	CEGUI::FontManager singleton destroyed.
16/08/2009 03:35:05 (InfL1)	CEGUI::MouseCursor singleton destroyed.
16/08/2009 03:35:05 (InfL1)	---- Begining cleanup of Imageset system ----
16/08/2009 03:35:05 (InfL1)	CEGUI::ImagesetManager singleton destroyed
16/08/2009 03:35:05 (InfL1)	CEGUI::GlobalEventSet singleton destroyed.
16/08/2009 03:35:05 (InfL1)	CEGUI::System singleton destroyed.
16/08/2009 03:35:05 (InfL1)	---- CEGUI System destruction completed ----
16/08/2009 03:35:05 (InfL1)	CEGUI::Logger singleton destroyed.
