07:59:04: Creating resource group General
07:59:04: Creating resource group Internal
07:59:04: Creating resource group Autodetect
07:59:04: SceneManagerFactory for type 'DefaultSceneManager' registered.
07:59:04: Registering ResourceManager for type Material
07:59:04: Registering ResourceManager for type Mesh
07:59:04: Registering ResourceManager for type Skeleton
07:59:04: MovableObjectFactory for type 'ParticleSystem' registered.
07:59:04: OverlayElementFactory for type Panel registered.
07:59:04: OverlayElementFactory for type BorderPanel registered.
07:59:04: OverlayElementFactory for type TextArea registered.
07:59:04: Registering ResourceManager for type Font
07:59:04: ArchiveFactory for archive type FileSystem registered.
07:59:04: ArchiveFactory for archive type Zip registered.
07:59:04: FreeImage version: 3.10.0
07:59:04: This program uses FreeImage, a free, open source image library supporting all common bitmap formats. See http://freeimage.sourceforge.net for details
07:59:04: Supported formats: bmp,ico,jpg,jif,jpeg,jpe,jng,koa,iff,lbm,mng,pbm,pbm,pcd,pcx,pgm,pgm,png,ppm,ppm,ras,tga,targa,tif,tiff,wap,wbmp,wbm,psd,cut,xbm,xpm,gif,hdr,g3,sgi,exr,j2k,j2c,jp2
07:59:04: DDS codec registering
07:59:04: Registering ResourceManager for type HighLevelGpuProgram
07:59:04: Registering ResourceManager for type Compositor
07:59:04: MovableObjectFactory for type 'Entity' registered.
07:59:04: MovableObjectFactory for type 'Light' registered.
07:59:04: MovableObjectFactory for type 'BillboardSet' registered.
07:59:04: MovableObjectFactory for type 'ManualObject' registered.
07:59:04: MovableObjectFactory for type 'BillboardChain' registered.
07:59:04: MovableObjectFactory for type 'RibbonTrail' registered.
07:59:04: Loading library .\RenderSystem_Direct3D9
07:59:04: Installing plugin: D3D9 RenderSystem
07:59:04: D3D9 : Direct3D9 Rendering Subsystem created.
07:59:04: D3D9: Driver Detection Starts
07:59:04: D3D9: Driver Detection Ends
07:59:04: Plugin successfully installed
07:59:04: Loading library .\RenderSystem_GL
07:59:05: Installing plugin: GL RenderSystem
07:59:05: OpenGL Rendering Subsystem created.
07:59:05: Plugin successfully installed
07:59:05: Loading library .\Plugin_ParticleFX
07:59:05: Installing plugin: ParticleFX
07:59:05: Particle Emitter Type 'Point' registered
07:59:05: Particle Emitter Type 'Box' registered
07:59:05: Particle Emitter Type 'Ellipsoid' registered
07:59:05: Particle Emitter Type 'Cylinder' registered
07:59:05: Particle Emitter Type 'Ring' registered
07:59:05: Particle Emitter Type 'HollowEllipsoid' registered
07:59:05: Particle Affector Type 'LinearForce' registered
07:59:05: Particle Affector Type 'ColourFader' registered
07:59:05: Particle Affector Type 'ColourFader2' registered
07:59:05: Particle Affector Type 'ColourImage' registered
07:59:05: Particle Affector Type 'ColourInterpolator' registered
07:59:05: Particle Affector Type 'Scaler' registered
07:59:05: Particle Affector Type 'Rotator' registered
07:59:05: Particle Affector Type 'DirectionRandomiser' registered
07:59:05: Particle Affector Type 'DeflectorPlane' registered
07:59:05: Plugin successfully installed
07:59:05: Loading library .\Plugin_BSPSceneManager
07:59:05: Installing plugin: BSP Scene Manager
07:59:05: Plugin successfully installed
07:59:05: Loading library .\Plugin_CgProgramManager
07:59:08: Installing plugin: Cg Program Manager
07:59:08: Plugin successfully installed
07:59:08: Loading library .\Plugin_PCZSceneManager.dll
07:59:09: Installing plugin: Portal Connected Zone Scene Manager
07:59:09: PCZone Factory Type 'ZoneType_Default' registered
07:59:09: Plugin successfully installed
07:59:09: Loading library .\Plugin_OctreeZone.dll
07:59:09: Installing plugin: Octree Zone Factory
07:59:09: Plugin successfully installed
07:59:09: Loading library .\Plugin_OctreeSceneManager
07:59:10: Installing plugin: Octree & Terrain Scene Manager
07:59:10: Plugin successfully installed
07:59:10: *-*-* OGRE Initialising
07:59:10: *-*-* Version 1.6.2 (Shoggoth)
07:59:10: Creating resource group Bootstrap
07:59:10: Added resource location '../media/packs/OgreCore.zip' of type 'Zip' to resource group 'Bootstrap'
07:59:10: Added resource location '../media' of type 'FileSystem' to resource group 'General'
07:59:11: Added resource location '../media/fonts' of type 'FileSystem' to resource group 'General'
07:59:11: Added resource location '../media/materials/programs' of type 'FileSystem' to resource group 'General'
07:59:11: Added resource location '../media/materials/scripts' of type 'FileSystem' to resource group 'General'
07:59:12: Added resource location '../media/materials/textures' of type 'FileSystem' to resource group 'General'
07:59:12: Added resource location '../media/models' of type 'FileSystem' to resource group 'General'
07:59:12: Added resource location '../media/overlays' of type 'FileSystem' to resource group 'General'
07:59:12: Added resource location '../media/particle' of type 'FileSystem' to resource group 'General'
07:59:12: Added resource location '../media/gui' of type 'FileSystem' to resource group 'General'
07:59:12: Added resource location '../media/DeferredShadingMedia' of type 'FileSystem' to resource group 'General'
07:59:12: Added resource location '../media/PCZAppMedia' of type 'FileSystem' to resource group 'General'
07:59:12: Added resource location '../media/packs/cubemap.zip' of type 'Zip' to resource group 'General'
07:59:12: Added resource location '../media/packs/cubemapsJS.zip' of type 'Zip' to resource group 'General'
07:59:12: Added resource location '../media/packs/dragon.zip' of type 'Zip' to resource group 'General'
07:59:12: Added resource location '../media/packs/fresneldemo.zip' of type 'Zip' to resource group 'General'
07:59:12: Added resource location '../media/packs/ogretestmap.zip' of type 'Zip' to resource group 'General'
07:59:12: Added resource location '../media/packs/skybox.zip' of type 'Zip' to resource group 'General'
07:59:12: Added resource location '../media2/models' of type 'FileSystem' to resource group 'General'
07:59:13: Added resource location '../media2/materials/scripts' of type 'FileSystem' to resource group 'General'
07:59:13: Added resource location '../media2/materials/textures' of type 'FileSystem' to resource group 'General'
07:59:13: Added resource location '../media2/particles' of type 'FileSystem' to resource group 'General'
07:59:13: Added resource location '../media2/overlays' of type 'FileSystem' to resource group 'General'
07:59:13: D3D9 : RenderSystem Option: Allow NVPerfHUD = No
07:59:13: D3D9 : RenderSystem Option: Anti aliasing = None
07:59:13: D3D9 : RenderSystem Option: Floating-point mode = Fastest
07:59:13: D3D9 : RenderSystem Option: Full Screen = Yes
07:59:13: D3D9 : RenderSystem Option: Rendering Device = NVIDIA GeForce 8500 GT
07:59:13: D3D9 : RenderSystem Option: VSync = No
07:59:13: D3D9 : RenderSystem Option: Video Mode = 800 x 600 @ 32-bit colour
07:59:13: D3D9 : RenderSystem Option: sRGB Gamma Conversion = No
07:59:17: CPU Identifier & Features
07:59:17: -------------------------
07:59:17:  *   CPU ID: GenuineIntel: Intel(R) Core(TM) i7-6700HQ CPU @ 2.60GHz
07:59:17:  *      SSE: yes
07:59:17:  *     SSE2: yes
07:59:17:  *     SSE3: yes
07:59:17:  *      MMX: yes
07:59:17:  *   MMXEXT: yes
07:59:17:  *    3DNOW: no
07:59:17:  * 3DNOWEXT: no
07:59:17:  *     CMOV: yes
07:59:17:  *      TSC: yes
07:59:17:  *      FPU: yes
07:59:17:  *      PRO: yes
07:59:17:  *       HT: no
07:59:17: -------------------------
07:59:17: *** Starting Win32GL Subsystem ***
07:59:17: GLRenderSystem::_createRenderWindow "Urban Warfare Simulator", 1024x768 windowed  miscParams: FSAA=0 colourDepth=32 displayFrequency=0 gamma=false vsync=false 
07:59:17: Created Win32Window 'Urban Warfare Simulator' : 1024x768, 32bpp
07:59:17: GL_VERSION = 4.4.0 - Build 21.20.16.4550
07:59:17: GL_VENDOR = Intel
07:59:17: GL_RENDERER = Intel(R) HD Graphics 530
07:59:17: GL_EXTENSIONS = GL_3DFX_texture_compression_FXT1 GL_AMD_depth_clamp_separate GL_AMD_vertex_shader_layer GL_AMD_vertex_shader_viewport_index GL_ARB_ES2_compatibility GL_ARB_ES3_compatibility GL_ARB_arrays_of_arrays GL_ARB_base_instance GL_ARB_blend_func_extended GL_ARB_buffer_storage GL_ARB_cl_event GL_ARB_clear_buffer_object GL_ARB_clear_texture GL_ARB_clip_control GL_ARB_color_buffer_float GL_ARB_compatibility GL_ARB_compressed_texture_pixel_storage GL_ARB_compute_shader GL_ARB_conservative_depth GL_ARB_copy_buffer GL_ARB_copy_image GL_ARB_debug_output GL_ARB_depth_buffer_float GL_ARB_depth_clamp GL_ARB_depth_texture GL_ARB_derivative_control GL_ARB_draw_buffers GL_ARB_draw_buffers_blend GL_ARB_draw_elements_base_vertex GL_ARB_draw_indirect GL_ARB_draw_instanced GL_ARB_enhanced_layouts GL_ARB_explicit_attrib_location GL_ARB_explicit_uniform_location GL_ARB_fragment_coord_conventions GL_ARB_fragment_layer_viewport GL_ARB_fragment_program GL_ARB_fragment_program_shadow GL_ARB_fragment_shader GL_ARB_fragment_shader_interlock GL_ARB_framebuffer_no_attachments GL_ARB_framebuffer_object GL_ARB_framebuffer_sRGB GL_ARB_geometry_shader4 GL_ARB_get_program_binary GL_ARB_gpu_shader5 GL_ARB_gpu_shader_fp64 GL_ARB_half_float_pixel GL_ARB_half_float_vertex GL_ARB_indirect_parameters GL_ARB_instanced_arrays GL_ARB_internalformat_query GL_ARB_internalformat_query2 GL_ARB_invalidate_subdata GL_ARB_map_buffer_alignment GL_ARB_map_buffer_range GL_ARB_multi_bind GL_ARB_multi_draw_indirect GL_ARB_multisample GL_ARB_multitexture GL_ARB_occlusion_query GL_ARB_occlusion_query2 GL_ARB_pixel_buffer_object GL_ARB_point_parameters GL_ARB_point_sprite GL_ARB_post_depth_coverage GL_ARB_program_interface_query GL_ARB_provoking_vertex GL_ARB_query_buffer_object GL_ARB_robust_buffer_access_behavior GL_ARB_robustness GL_ARB_robustness_isolation GL_ARB_sample_shading GL_ARB_sampler_objects GL_ARB_seamless_cube_map GL_ARB_seamless_cubemap_per_texture GL_ARB_separate_shader_objects GL_ARB_shader_atomic_counters GL_ARB_shader_bit_encoding GL_ARB_shader_image_load_store GL_ARB_shader_image_size GL_ARB_shader_objects GL_ARB_shader_precision GL_ARB_shader_stencil_export GL_ARB_shader_storage_buffer_object GL_ARB_shader_subroutine GL_ARB_shading_language_100 GL_ARB_shading_language_420pack GL_ARB_shading_language_packing GL_ARB_shadow GL_ARB_stencil_texturing GL_ARB_sync GL_ARB_tessellation_shader GL_ARB_texture_barrier GL_ARB_texture_border_clamp GL_ARB_texture_buffer_object_rgb32 GL_ARB_texture_buffer_range GL_ARB_texture_compression GL_ARB_texture_compression_bptc GL_ARB_texture_compression_rgtc GL_ARB_texture_cube_map GL_ARB_texture_cube_map_array GL_ARB_texture_env_add GL_ARB_texture_env_combine GL_ARB_texture_env_crossbar GL_ARB_texture_env_dot3 GL_ARB_texture_float GL_ARB_texture_gather GL_ARB_texture_mirror_clamp_to_edge GL_ARB_texture_mirrored_repeat GL_ARB_texture_multisample GL_ARB_texture_non_power_of_two GL_ARB_texture_query_levels GL_ARB_texture_query_lod GL_ARB_texture_rectangle GL_ARB_texture_rg GL_ARB_texture_rgb10_a2ui GL_ARB_texture_stencil8 GL_ARB_texture_storage GL_ARB_texture_storage_multisample GL_ARB_texture_swizzle GL_ARB_texture_view GL_ARB_timer_query GL_ARB_transform_feedback2 GL_ARB_transform_feedback3 GL_ARB_transform_feedback_instanced GL_ARB_transpose_matrix GL_ARB_uniform_buffer_object GL_ARB_vertex_array_bgra GL_ARB_vertex_array_object GL_ARB_vertex_attrib_64bit GL_ARB_vertex_attrib_binding GL_ARB_vertex_buffer_object GL_ARB_vertex_program GL_ARB_vertex_shader GL_ARB_vertex_type_10f_11f_11f_rev GL_ARB_vertex_type_2_10_10_10_rev GL_ARB_viewport_array GL_ARB_window_pos GL_ATI_separate_stencil GL_EXT_abgr GL_EXT_bgra GL_EXT_blend_color GL_EXT_blend_equation_separate GL_EXT_blend_func_separate GL_EXT_blend_minmax GL_EXT_blend_subtract GL_EXT_clip_volume_hint GL_EXT_compiled_vertex_array GL_EXT_direct_state_access GL_EXT_draw_buffers2 GL_EXT_draw_range_elements GL_EXT_fog_coord GL_EXT_framebuffer_blit GL_EXT_framebuffer_multisample GL_EXT_framebuffer_object GL_EXT_geometry_shader4 GL_EXT_gpu_program_parameters GL_EXT_gpu_shader4 GL_EXT_multi_draw_arrays GL_EXT_packed_depth_stencil GL_EXT_packed_float GL_EXT_packed_pixels GL_EXT_polygon_offset_clamp GL_EXT_rescale_normal GL_EXT_secondary_color GL_EXT_separate_specular_color GL_EXT_shader_framebuffer_fetch GL_EXT_shader_integer_mix GL_EXT_shadow_funcs GL_EXT_stencil_two_side GL_EXT_stencil_wrap GL_EXT_texture3D GL_EXT_texture_array GL_EXT_texture_compression_s3tc GL_EXT_texture_edge_clamp GL_EXT_texture_env_add GL_EXT_texture_env_combine GL_EXT_texture_filter_anisotropic GL_EXT_texture_integer GL_EXT_texture_lod_bias GL_EXT_texture_rectangle GL_EXT_texture_sRGB GL_EXT_texture_sRGB_decode GL_EXT_texture_shared_exponent GL_EXT_texture_snorm GL_EXT_texture_storage GL_EXT_texture_swizzle GL_EXT_timer_query GL_EXT_transform_feedback GL_IBM_texture_mirrored_repeat GL_INTEL_conservative_rasterization GL_INTEL_fragment_shader_ordering GL_INTEL_framebuffer_CMAA GL_INTEL_map_texture GL_INTEL_multi_rate_fragment_shader GL_INTEL_performance_query GL_KHR_blend_equation_advanced GL_KHR_blend_equation_advanced_coherent GL_KHR_debug GL_KHR_texture_compression_astc_hdr GL_KHR_texture_compression_astc_ldr GL_NV_blend_square GL_NV_conditional_render GL_NV_primitive_restart GL_NV_texgen_reflection GL_SGIS_generate_mipmap GL_SGIS_texture_edge_clamp GL_SGIS_texture_lod GL_SUN_multi_draw_arrays GL_WIN_swap_hint
07:59:17: Supported WGL extensions: WGL_EXT_depth_float WGL_ARB_buffer_region WGL_ARB_extensions_string WGL_ARB_make_current_read WGL_ARB_pixel_format WGL_ARB_pbuffer WGL_EXT_extensions_string WGL_EXT_swap_control WGL_EXT_swap_control_tear WGL_ARB_multisample WGL_ARB_pixel_format_float WGL_ARB_framebuffer_sRGB WGL_ARB_create_context WGL_ARB_create_context_profile WGL_EXT_pixel_format_packed_float WGL_EXT_create_context_es_profile WGL_EXT_create_context_es2_profile WGL_NV_DX_interop WGL_INTEL_cl_sharing WGL_NV_DX_interop2 WGL_ARB_create_context_robustness 
07:59:17: ***************************
07:59:17: *** GL Renderer Started ***
07:59:17: ***************************
07:59:18: Registering ResourceManager for type GpuProgram
07:59:18: GLSL support detected
07:59:18: GL: Using GL_EXT_framebuffer_object for rendering to textures (best)
07:59:18: FBO PF_UNKNOWN depth/stencil support: D0S1 D0S4 D0S8 D0S16 D16S0 D16S1 D16S4 D16S8 D16S16 D24S0 D24S1 D24S4 D24S8 D24S16 D32S0 D32S1 D32S4 D32S8 D32S16 Packed-D24S8 
07:59:18: FBO PF_A8 depth/stencil support: D0S0 D0S1 D0S4 D0S8 D0S16 D16S0 D16S1 D16S4 D16S8 D16S16 D24S0 D24S1 D24S4 D24S8 D24S16 D32S0 D32S1 D32S4 D32S8 D32S16 Packed-D24S8 
07:59:18: FBO PF_R5G6B5 depth/stencil support: D0S0 D0S1 D0S4 D0S8 D0S16 D16S0 D16S1 D16S4 D16S8 D16S16 D24S0 D24S1 D24S4 D24S8 D24S16 D32S0 D32S1 D32S4 D32S8 D32S16 Packed-D24S8 
07:59:18: FBO PF_B5G6R5 depth/stencil support: D0S0 D0S1 D0S4 D0S8 D0S16 D16S0 D16S1 D16S4 D16S8 D16S16 D24S0 D24S1 D24S4 D24S8 D24S16 D32S0 D32S1 D32S4 D32S8 D32S16 Packed-D24S8 
07:59:18: FBO PF_A4R4G4B4 depth/stencil support: D0S0 D0S1 D0S4 D0S8 D0S16 D16S0 D16S1 D16S4 D16S8 D16S16 D24S0 D24S1 D24S4 D24S8 D24S16 D32S0 D32S1 D32S4 D32S8 D32S16 Packed-D24S8 
07:59:18: FBO PF_A1R5G5B5 depth/stencil support: D0S0 D0S1 D0S4 D0S8 D0S16 D16S0 D16S1 D16S4 D16S8 D16S16 D24S0 D24S1 D24S4 D24S8 D24S16 D32S0 D32S1 D32S4 D32S8 D32S16 Packed-D24S8 
07:59:18: FBO PF_R8G8B8 depth/stencil support: D0S0 D0S1 D0S4 D0S8 D0S16 D16S0 D16S1 D16S4 D16S8 D16S16 D24S0 D24S1 D24S4 D24S8 D24S16 D32S0 D32S1 D32S4 D32S8 D32S16 Packed-D24S8 
07:59:18: FBO PF_B8G8R8 depth/stencil support: D0S0 D0S1 D0S4 D0S8 D0S16 D16S0 D16S1 D16S4 D16S8 D16S16 D24S0 D24S1 D24S4 D24S8 D24S16 D32S0 D32S1 D32S4 D32S8 D32S16 Packed-D24S8 
07:59:18: FBO PF_A8R8G8B8 depth/stencil support: D0S0 D0S1 D0S4 D0S8 D0S16 D16S0 D16S1 D16S4 D16S8 D16S16 D24S0 D24S1 D24S4 D24S8 D24S16 D32S0 D32S1 D32S4 D32S8 D32S16 Packed-D24S8 
07:59:18: FBO PF_B8G8R8A8 depth/stencil support: D0S0 D0S1 D0S4 D0S8 D0S16 D16S0 D16S1 D16S4 D16S8 D16S16 D24S0 D24S1 D24S4 D24S8 D24S16 D32S0 D32S1 D32S4 D32S8 D32S16 Packed-D24S8 
07:59:18: FBO PF_A2R10G10B10 depth/stencil support: D0S0 D0S1 D0S4 D0S8 D0S16 D16S0 D16S1 D16S4 D16S8 D16S16 D24S0 D24S1 D24S4 D24S8 D24S16 D32S0 D32S1 D32S4 D32S8 D32S16 Packed-D24S8 
07:59:18: FBO PF_A2B10G10R10 depth/stencil support: D0S0 D0S1 D0S4 D0S8 D0S16 D16S0 D16S1 D16S4 D16S8 D16S16 D24S0 D24S1 D24S4 D24S8 D24S16 D32S0 D32S1 D32S4 D32S8 D32S16 Packed-D24S8 
07:59:18: FBO PF_FLOAT16_RGB depth/stencil support: D0S0 D0S1 D0S4 D0S8 D0S16 D16S0 D16S1 D16S4 D16S8 D16S16 D24S0 D24S1 D24S4 D24S8 D24S16 D32S0 D32S1 D32S4 D32S8 D32S16 Packed-D24S8 
07:59:18: FBO PF_FLOAT16_RGBA depth/stencil support: D0S0 D0S1 D0S4 D0S8 D0S16 D16S0 D16S1 D16S4 D16S8 D16S16 D24S0 D24S1 D24S4 D24S8 D24S16 D32S0 D32S1 D32S4 D32S8 D32S16 Packed-D24S8 
07:59:18: FBO PF_FLOAT32_RGB depth/stencil support: D0S0 D0S1 D0S4 D0S8 D0S16 D16S0 D16S1 D16S4 D16S8 D16S16 D24S0 D24S1 D24S4 D24S8 D24S16 D32S0 D32S1 D32S4 D32S8 D32S16 Packed-D24S8 
07:59:18: FBO PF_FLOAT32_RGBA depth/stencil support: D0S0 D0S1 D0S4 D0S8 D0S16 D16S0 D16S1 D16S4 D16S8 D16S16 D24S0 D24S1 D24S4 D24S8 D24S16 D32S0 D32S1 D32S4 D32S8 D32S16 Packed-D24S8 
07:59:18: FBO PF_X8R8G8B8 depth/stencil support: D0S0 D0S1 D0S4 D0S8 D0S16 D16S0 D16S1 D16S4 D16S8 D16S16 D24S0 D24S1 D24S4 D24S8 D24S16 D32S0 D32S1 D32S4 D32S8 D32S16 Packed-D24S8 
07:59:18: FBO PF_X8B8G8R8 depth/stencil support: D0S0 D0S1 D0S4 D0S8 D0S16 D16S0 D16S1 D16S4 D16S8 D16S16 D24S0 D24S1 D24S4 D24S8 D24S16 D32S0 D32S1 D32S4 D32S8 D32S16 Packed-D24S8 
07:59:18: FBO PF_SHORT_RGBA depth/stencil support: D0S0 D0S1 D0S4 D0S8 D0S16 D16S0 D16S1 D16S4 D16S8 D16S16 D24S0 D24S1 D24S4 D24S8 D24S16 D32S0 D32S1 D32S4 D32S8 D32S16 Packed-D24S8 
07:59:18: FBO PF_R3G3B2 depth/stencil support: D0S0 D0S1 D0S4 D0S8 D0S16 D16S0 D16S1 D16S4 D16S8 D16S16 D24S0 D24S1 D24S4 D24S8 D24S16 D32S0 D32S1 D32S4 D32S8 D32S16 Packed-D24S8 
07:59:18: FBO PF_SHORT_RGB depth/stencil support: D0S0 D0S1 D0S4 D0S8 D0S16 D16S0 D16S1 D16S4 D16S8 D16S16 D24S0 D24S1 D24S4 D24S8 D24S16 D32S0 D32S1 D32S4 D32S8 D32S16 Packed-D24S8 
07:59:18: [GL] : Valid FBO targets PF_UNKNOWN PF_A8 PF_R5G6B5 PF_B5G6R5 PF_A4R4G4B4 PF_A1R5G5B5 PF_R8G8B8 PF_B8G8R8 PF_A8R8G8B8 PF_B8G8R8A8 PF_A2R10G10B10 PF_A2B10G10R10 PF_FLOAT16_RGB PF_FLOAT16_RGBA PF_FLOAT32_RGB PF_FLOAT32_RGBA PF_X8R8G8B8 PF_X8B8G8R8 PF_SHORT_RGBA PF_R3G3B2 PF_SHORT_RGB 
07:59:18: RenderSystem capabilities
07:59:18: -------------------------
07:59:18: RenderSystem Name: OpenGL Rendering Subsystem
07:59:18: GPU Vendor: intel
07:59:18: Device Name: Intel(R) HD Graphics 530
07:59:18: Driver Version: 4.4.0.0
07:59:18:  * Fixed function pipeline: yes
07:59:18:  * Hardware generation of mipmaps: yes
07:59:18:  * Texture blending: yes
07:59:18:  * Anisotropic texture filtering: yes
07:59:18:  * Dot product texture operation: yes
07:59:18:  * Cube mapping: yes
07:59:18:  * Hardware stencil buffer: yes
07:59:18:    - Stencil depth: 8
07:59:18:    - Two sided stencil support: yes
07:59:18:    - Wrap stencil values: yes
07:59:18:  * Hardware vertex / index buffers: yes
07:59:18:  * Vertex programs: yes
07:59:18:  * Fragment programs: yes
07:59:18:  * Geometry programs: yes
07:59:18:  * Supported Shader Profiles: arbfp1 arbvp1 glsl gp4gp gpu_gp nvgp4
07:59:18:  * Texture Compression: yes
07:59:18:    - DXT: yes
07:59:18:    - VTC: no
07:59:18:  * Scissor Rectangle: yes
07:59:18:  * Hardware Occlusion Query: yes
07:59:18:  * User clip planes: yes
07:59:18:  * VET_UBYTE4 vertex element type: yes
07:59:18:  * Infinite far plane projection: yes
07:59:18:  * Hardware render-to-texture: yes
07:59:18:  * Floating point textures: yes
07:59:18:  * Non-power-of-two textures: yes
07:59:18:  * Volume textures: yes
07:59:18:  * Multiple Render Targets: 8
07:59:18:    - With different bit depths: yes
07:59:18:  * Point Sprites: yes
07:59:18:  * Extended point parameters: yes
07:59:18:  * Max Point Size: 255
07:59:18:  * Vertex texture fetch: yes
07:59:18:    - Max vertex textures: 32
07:59:18:    - Vertex textures shared: yes
07:59:18:  * Render to Vertex Buffer : no
07:59:18:  * GL 1.5 without VBO workaround: no
07:59:18:  * Frame Buffer objects: yes
07:59:18:  * Frame Buffer objects (ARB extension): no
07:59:18:  * Frame Buffer objects (ATI extension): no
07:59:18:  * PBuffer suppport: no
07:59:18:  * GL 1.5 without HW-occlusion workaround: no
07:59:18: Registering ResourceManager for type Texture
07:59:18: ResourceBackgroundQueue - threading disabled
07:59:18: Particle Renderer Type 'billboard' registered
07:59:18: SceneManagerFactory for type 'BspSceneManager' registered.
07:59:18: Registering ResourceManager for type BspLevel
07:59:18: SceneManagerFactory for type 'PCZSceneManager' registered.
07:59:18: MovableObjectFactory for type 'PCZLight' registered.
07:59:18: PCZone Factory Type 'ZoneType_Octree' registered
07:59:18: PCZone Factory Type 'ZoneType_Terrain' registered
07:59:18: SceneManagerFactory for type 'OctreeSceneManager' registered.
07:59:18: SceneManagerFactory for type 'TerrainSceneManager' registered.
07:59:18: Parsing scripts for resource group Autodetect
07:59:18: Finished parsing scripts for resource group Autodetect
07:59:18: Parsing scripts for resource group Bootstrap
07:59:18: Parsing script OgreCore.material
07:59:18: Parsing script OgreProfiler.material
07:59:18: Parsing script Ogre.fontdef
07:59:18: Parsing script OgreDebugPanel.overlay
07:59:18: Texture: New_Ogre_Border_Center.png: Loading 1 faces(PF_A8R8G8B8,256x128x1) with 5 hardware generated mipmaps from Image. Internal format is PF_A8R8G8B8,256x128x1.
07:59:18: Texture: New_Ogre_Border.png: Loading 1 faces(PF_A8R8G8B8,256x256x1) with 5 hardware generated mipmaps from Image. Internal format is PF_A8R8G8B8,256x256x1.
07:59:18: Texture: New_Ogre_Border_Break.png: Loading 1 faces(PF_A8R8G8B8,32x32x1) with 5 hardware generated mipmaps from Image. Internal format is PF_A8R8G8B8,32x32x1.
07:59:18: Font BlueHighwayusing texture size 512x512
07:59:18: Info: Freetype returned null for character 127 in font BlueHighway
07:59:18: Info: Freetype returned null for character 128 in font BlueHighway
07:59:18: Info: Freetype returned null for character 129 in font BlueHighway
07:59:18: Info: Freetype returned null for character 130 in font BlueHighway
07:59:18: Info: Freetype returned null for character 131 in font BlueHighway
07:59:18: Info: Freetype returned null for character 132 in font BlueHighway
07:59:18: Info: Freetype returned null for character 133 in font BlueHighway
07:59:18: Info: Freetype returned null for character 134 in font BlueHighway
07:59:18: Info: Freetype returned null for character 135 in font BlueHighway
07:59:18: Info: Freetype returned null for character 136 in font BlueHighway
07:59:18: Info: Freetype returned null for character 137 in font BlueHighway
07:59:18: Info: Freetype returned null for character 138 in font BlueHighway
07:59:18: Info: Freetype returned null for character 139 in font BlueHighway
07:59:18: Info: Freetype returned null for character 140 in font BlueHighway
07:59:18: Info: Freetype returned null for character 141 in font BlueHighway
07:59:18: Info: Freetype returned null for character 142 in font BlueHighway
07:59:18: Info: Freetype returned null for character 143 in font BlueHighway
07:59:18: Info: Freetype returned null for character 144 in font BlueHighway
07:59:18: Info: Freetype returned null for character 145 in font BlueHighway
07:59:18: Info: Freetype returned null for character 146 in font BlueHighway
07:59:18: Info: Freetype returned null for character 147 in font BlueHighway
07:59:18: Info: Freetype returned null for character 148 in font BlueHighway
07:59:18: Info: Freetype returned null for character 149 in font BlueHighway
07:59:18: Info: Freetype returned null for character 150 in font BlueHighway
07:59:18: Info: Freetype returned null for character 151 in font BlueHighway
07:59:18: Info: Freetype returned null for character 152 in font BlueHighway
07:59:18: Info: Freetype returned null for character 153 in font BlueHighway
07:59:18: Info: Freetype returned null for character 154 in font BlueHighway
07:59:18: Info: Freetype returned null for character 155 in font BlueHighway
07:59:18: Info: Freetype returned null for character 156 in font BlueHighway
07:59:18: Info: Freetype returned null for character 157 in font BlueHighway
07:59:18: Info: Freetype returned null for character 158 in font BlueHighway
07:59:18: Info: Freetype returned null for character 159 in font BlueHighway
07:59:18: Info: Freetype returned null for character 160 in font BlueHighway
07:59:18: Texture: BlueHighwayTexture: Loading 1 faces(PF_BYTE_LA,512x512x1) with  hardware generated mipmaps from Image. Internal format is PF_BYTE_LA,512x512x1.
07:59:18: Texture: ogretext.png: Loading 1 faces(PF_A8R8G8B8,256x128x1) with 5 hardware generated mipmaps from Image. Internal format is PF_A8R8G8B8,256x128x1.
07:59:18: Parsing script OgreLoadingPanel.overlay
07:59:18: Finished parsing scripts for resource group Bootstrap
07:59:18: Parsing scripts for resource group General
07:59:18: Parsing script Examples.program
07:59:18: GLSL compiled : Ogre/BasicVertexPrograms/AmbientOneTextureGLSLWARNING: 0:2: '' :  #version directive missing


07:59:19: GLSL compiled : Ogre/HardwareSkinningTwoWeightsGLSLWARNING: 0:4: '' :  #version directive missing


07:59:19: Parsing script StdQuad_vp.program
07:59:19: Parsing script deferred.glsl.program
07:59:19: GLSL compiled : DeferredShading/material/glsl/psWARNING: 0:25: '' :  #version directive missing


07:59:19: GLSL compiled : DeferredShading/material/glsl/notex_psWARNING: 0:25: '' :  #version directive missing


07:59:19: GLSL compiled : DeferredShading/material/glsl/nm_psWARNING: 0:25: '' :  #version directive missing


07:59:19: GLSL compiled : DeferredShading/material/glsl/nm_notex_psWARNING: 0:25: '' :  #version directive missing


07:59:19: Parsing script deferred.hlsl.program
07:59:19: Parsing script deferred.program
07:59:20: GLSL compiled : DeferredShading/material/glsl/psWARNING: 0:25: '' :  #version directive missing


07:59:20: GLSL compiled : DeferredShading/material/glsl/notex_psWARNING: 0:25: '' :  #version directive missing


07:59:20: GLSL compiled : DeferredShading/material/glsl/nm_psWARNING: 0:25: '' :  #version directive missing


07:59:20: GLSL compiled : DeferredShading/material/glsl/nm_notex_psWARNING: 0:25: '' :  #version directive missing


07:59:20: Parsing script deferred_post_ambient.program
07:59:20: GLSL compiled : DeferredShading/post/glsl/Ambient_psWARNING: 0:27: '' :  #version directive missing


07:59:20: Parsing script deferred_post_debug.glsl.program
07:59:20: GLSL compiled : DeferredShading/post/glsl/ShowNormal_psWARNING: 0:27: '' :  #version directive missing


07:59:20: GLSL compiled : DeferredShading/post/glsl/ShowDS_psWARNING: 0:27: '' :  #version directive missing


07:59:20: GLSL compiled : DeferredShading/post/glsl/ShowColour_psWARNING: 0:27: '' :  #version directive missing


07:59:20: Parsing script deferred_post_debug.hlsl.program
07:59:20: Parsing script deferred_post_debug.program
07:59:20: GLSL compiled : DeferredShading/post/glsl/ShowNormal_psWARNING: 0:27: '' :  #version directive missing


07:59:20: GLSL compiled : DeferredShading/post/glsl/ShowDS_psWARNING: 0:27: '' :  #version directive missing


07:59:20: GLSL compiled : DeferredShading/post/glsl/ShowColour_psWARNING: 0:27: '' :  #version directive missing


07:59:20: Parsing script deferred_post_minilight.glsl.program
07:59:21: GLSL compiled : DeferredShading/post/glsl/LightMaterial_vsWARNING: 0:27: '' :  #version directive missing


07:59:21: GLSL compiled : DeferredShading/post/glsl/LightMaterial_psWARNING: 0:27: '' :  #version directive missing


07:59:21: Parsing script deferred_post_minilight.hlsl.program
07:59:21: Parsing script deferred_post_minilight.program
07:59:21: GLSL compiled : DeferredShading/post/glsl/LightMaterial_vsWARNING: 0:27: '' :  #version directive missing


07:59:21: GLSL compiled : DeferredShading/post/glsl/LightMaterial_psWARNING: 0:27: '' :  #version directive missing


07:59:21: Parsing script deferred_post_multipass.glsl.program
07:59:21: GLSL compiled : DeferredShading/post/glsl/Ambient_psWARNING: 0:27: '' :  #version directive missing


07:59:22: GLSL compiled : DeferredShading/post/glsl/GlobalLight_psWARNING: 0:27: '' :  #version directive missing


07:59:22: Parsing script deferred_post_multipass.hlsl.program
07:59:22: Parsing script deferred_post_onepass.glsl.program
07:59:22: GLSL compiled : DeferredShading/post/glsl/vsWARNING: 0:27: '' :  #version directive missing


07:59:22: GLSL compiled : DeferredShading/post/glsl/SinglePass_psWARNING: 0:27: '' :  #version directive missing


07:59:22: Parsing script deferred_post_onepass.hlsl.program
07:59:22: Parsing script deferred_post_vs.program
07:59:22: GLSL compiled : DeferredShading/post/glsl/vsWARNING: 0:27: '' :  #version directive missing


07:59:22: Parsing script ASCII.material
07:59:23: Parsing script ASMSwizzle.material
07:59:23: Parsing script BlackAndWhite.material
07:59:23: Parsing script Bloom.material
07:59:23: GLSL compiled : Blur_ps_glslWARNING: 0:2: '' :  #version directive missing


07:59:23: GLSL compiled : Blur0_vs_glslWARNING: 0:1: '' :  #version directive missing


07:59:23: GLSL compiled : Blur1_vs_glslWARNING: 0:1: '' :  #version directive missing


07:59:23: Parsing script Bloom2.material
07:59:25: GLSL compiled : Bloom2_ps20_glslWARNING: 0:10: '' :  #version directive missing


07:59:26: Parsing script CGSwizzle.material
07:59:26: Parsing script DepthShadowmap.material
07:59:26: GLSL compiled : Ogre/DepthShadowmap/CasterVP_GLSLWARNING: 0:2: '' :  #version directive missing


07:59:26: GLSL compiled : Ogre/DepthShadowmap/CasterFP_GLSLWARNING: 0:3: '' :  #version directive missing


07:59:26: GLSL compiled : Ogre/DepthShadowmap/ReceiverVP_GLSLWARNING: 0:2: '' :  #version directive missing


07:59:26: GLSL compiled : Ogre/DepthShadowmap/ReceiverFP_GLSLWARNING: 0:2: '' :  #version directive missing


07:59:26: GLSL compiled : Ogre/DepthShadowmap/ReceiverFPPCF_GLSLWARNING: 0:2: '' :  #version directive missing


07:59:26: GLSL compiled : Ogre/DepthShadowmap/NormalMapReceiverVP_GLSLWARNING: 0:2: '' :  #version directive missing


07:59:26: GLSL compiled : Ogre/DepthShadowmap/NormalMapReceiverFP_GLSLWARNING: 0:2: '' :  #version directive missing


07:59:26: GLSL compiled : Ogre/DepthShadowmap/NormalMapReceiverFPPCF_GLSLWARNING: 0:2: '' :  #version directive missing


07:59:26: Parsing script Dither.material
07:59:26: Parsing script DOF.material
07:59:26: Parsing script Embossed.material
07:59:26: Parsing script Example-DynTex.material
07:59:27: Parsing script Example-Water.material
07:59:27: Parsing script Example.material
07:59:27: OGRE EXCEPTION(2:InvalidParametersException): Parameter called camObjPos does not exist.  in GpuProgramParameters::_findNamedConstantDefinition at ..\src\OgreGpuProgram.cpp (line 1097)
07:59:27: Compiler error: invalid parameters in Example.material(762): setting of constant failed
07:59:27: GLSL compiled : Ogre/HardwareSkinningTwoWeightsShadowCasterGLSLWARNING: 0:4: '' :  #version directive missing


07:59:27: Parsing script Examples-Advanced.material
07:59:27: Compiler error: object unsupported by render system in Examples-Advanced.material(381)
07:59:27: Parsing script facial.material
07:59:27: Parsing script Glass.material
07:59:27: Parsing script GLSLSwizzle.material
07:59:28: GLSL compiled : Ogre/GPTest/Passthrough_VP_GLSLWARNING: 0:1: '' :  #version directive missing


07:59:28: Parsing script Halftone.material
07:59:28: Parsing script hdr.material
07:59:28: GLSL compiled : Ogre/Compositor/HDR/downscale2x2LuminenceGLSL_fpWARNING: 0:2: '' :  #version directive missing


07:59:28: GLSL compiled : Ogre/Compositor/StdQuad_GLSL_vpWARNING: 0:2: '' :  #version directive missing


07:59:28: GLSL compiled : Ogre/Compositor/HDR/downscale3x3GLSL_fpWARNING: 0:2: '' :  #version directive missing


07:59:28: GLSL compiled : Ogre/Compositor/HDR/utils_fpWARNING: 0:1: '' :  #version directive missing


07:59:28: GLSL compiled : Ogre/Compositor/HDR/downscale3x3brightpassGLSL_fpWARNING: 0:2: '' :  #version directive missing


07:59:28: GLSL compiled : Ogre/Compositor/HDR/bloomGLSL_fpWARNING: 0:2: '' :  #version directive missing


07:59:28: GLSL compiled : Ogre/Compositor/HDR/utils_fpWARNING: 0:1: '' :  #version directive missing


07:59:28: GLSL compiled : Ogre/Compositor/HDR/finaltonemappingGLSL_fpWARNING: 0:2: '' :  #version directive missing


07:59:28: Parsing script HeatVision.material
07:59:28: Parsing script Hurt.material
07:59:28: Parsing script instancing.material
07:59:28: GLSL compiled : InstancingGLSLWARNING: 0:1: '' :  #version directive missing


07:59:28: GLSL compiled : InstancingShadowCasterGLSLWARNING: 0:1: '' :  #version directive missing


07:59:28: GLSL compiled : CrowdGLSLWARNING: 0:2: '' :  #version directive missing


07:59:28: GLSL compiled : CrowdShadowCasterGLSLWARNING: 0:2: '' :  #version directive missing


07:59:28: Parsing script Invert.material
07:59:28: Parsing script IsoSurf.material
07:59:28: Problem parsing the following Cg Uniform: '@TMP1' in file Ogre/IsoSurf/TessellateTetrahedraGS
07:59:28: Parsing script Laplace.material
07:59:28: Parsing script MotionBlur.material
07:59:28: Parsing script MRTtest.material
07:59:28: GLSL compiled : Ogre/MRTtest/scenefp/GLSLWARNING: 0:5: '' :  #version directive missing


07:59:28: GLSL compiled : Ogre/MRTtest/quadfp/GLSLWARNING: 0:2: '' :  #version directive missing


07:59:28: Parsing script NightVision.material
07:59:28: Parsing script Ocean.material
07:59:28: GLSL compiled : GLSL/OceanVSWARNING: 0:11: '' :  #version directive missing


07:59:28: GLSL compiled : GLSL/OceanFSWARNING: 0:11: '' :  #version directive missing


07:59:29: GLSL compiled : GLSL/Ocean2VSWARNING: 0:23: '' :  #version directive missing


07:59:29: GLSL compiled : GLSL/Ocean2FSWARNING: 0:24: '' :  #version directive missing


07:59:29: Parsing script OffsetMapping.material
07:59:29: Compiler error: object unsupported by render system in OffsetMapping.material(18)
07:59:29: GLSL compiled : Examples/OffsetMappingIntegratedShadowsFPglslWARNING: 0:2: '' :  #version directive missing


07:59:29: GLSL compiled : Examples/OffsetMappingIntegratedShadowsVPglslWARNING: 0:2: '' :  #version directive missing


07:59:29: Parsing script Ogre.material
07:59:29: Parsing script OldMovie.material
07:59:29: Parsing script OldTV.material
07:59:29: Parsing script ParticleGS.material
07:59:29: Parsing script Posterize.material
07:59:29: Parsing script pssm.material
07:59:29: Parsing script RadialBlur.material
07:59:29: Parsing script RZR-002.material
07:59:29: Parsing script SharpenEdges.material
07:59:30: Parsing script smoke.material
07:59:30: Parsing script Tiling.material
07:59:30: Parsing script VarianceShadowmap.material
07:59:30: Parsing script deferred.material
07:59:30: GLSL compiled : DeferredShading/material/glsl/vsWARNING: 0:27: '' :  #version directive missing


07:59:30: GLSL compiled : DeferredShading/material/glsl/nm_vsWARNING: 0:24: '' :  #version directive missing


07:59:30: Parsing script deferreddemo.material
07:59:30: Parsing script deferred_post_ambient.material
07:59:30: Parsing script deferred_post_debug.material
07:59:30: Parsing script deferred_post_minilight.material
07:59:30: Parsing script deferred_post_multipass.material
07:59:30: Parsing script deferred_post_onepass.material
07:59:30: Parsing script ROOM.material
07:59:30: Parsing script RomanBath.material
07:59:31: Parsing script bbuilding.material
07:59:31: Parsing script building.material
07:59:31: Parsing script Estac.material
07:59:31: Parsing script exhibition_building.material
07:59:31: Parsing script G6.material
07:59:31: Parsing script KEHL.material
07:59:31: Parsing script townHouse.material
07:59:31: Parsing script xianshun.material
07:59:31: Parsing script emitted_emitter.particle
07:59:31: Parsing script Example-Water.particle
07:59:31: Parsing script Example.particle
07:59:31: Parsing script smoke.particle
07:59:31: Parsing script xianshun.particle
07:59:32: Parsing script Examples.compositor
07:59:32: Parsing script deferred.compositor
07:59:32: Parsing script sample.fontdef
07:59:32: Parsing script Compositor.overlay
07:59:32: Parsing script DP3.overlay
07:59:32: Parsing script Example-CubeMapping.overlay
07:59:32: Parsing script Example-DynTex.overlay
07:59:33: Parsing script Example-Water.overlay
07:59:33: Parsing script Shadows.overlay
07:59:33: Parsing script xianshun.overlay
07:59:33: Finished parsing scripts for resource group General
07:59:33: Parsing scripts for resource group Internal
07:59:33: Finished parsing scripts for resource group Internal
07:59:33: Texture: rockwall.tga: Loading 1 faces(PF_R8G8B8,256x256x1) with 5 hardware generated mipmaps from Image. Internal format is PF_X8R8G8B8,256x256x1.
07:59:33: Texture: clouds.jpg: Loading 1 faces(PF_R8G8B8,256x256x1) with 5 hardware generated mipmaps from Image. Internal format is PF_X8R8G8B8,256x256x1.
07:59:35: Texture: TaharezLook.tga: Loading 1 faces(PF_A8R8G8B8,256x256x1) with  hardware generated mipmaps from Image. Internal format is PF_A8R8G8B8,256x256x1.
07:59:36: Mesh: Loading building.mesh.
07:59:37: WARNING: building.mesh is an older format ([MeshSerializer_v1.30]); you should upgrade it as soon as possible using the OgreMeshUpgrade tool.
07:59:37: Texture: R02_03.png: Loading 1 faces(PF_R8G8B8,600x355x1) with 5 hardware generated mipmaps from Image. Internal format is PF_X8R8G8B8,600x355x1.
07:59:38: Texture: R02_02.png: Loading 1 faces(PF_R8G8B8,201x207x1) with 5 hardware generated mipmaps from Image. Internal format is PF_X8R8G8B8,201x207x1.
07:59:38: Texture: B02_CON.png: Loading 1 faces(PF_A8R8G8B8,650x380x1) with 5 hardware generated mipmaps from Image. Internal format is PF_A8R8G8B8,650x380x1.
07:59:39: Texture: B04_CON.png: Loading 1 faces(PF_R8G8B8,650x380x1) with 5 hardware generated mipmaps from Image. Internal format is PF_X8R8G8B8,650x380x1.
07:59:39: Texture: DOOR.png: Loading 1 faces(PF_R8G8B8,500x500x1) with 5 hardware generated mipmaps from Image. Internal format is PF_X8R8G8B8,500x500x1.
07:59:39: Texture: B03_CON.png: Loading 1 faces(PF_R8G8B8,650x380x1) with 5 hardware generated mipmaps from Image. Internal format is PF_X8R8G8B8,650x380x1.
07:59:40: Texture: B01.png: Loading 1 faces(PF_A8R8G8B8,650x380x1) with 5 hardware generated mipmaps from Image. Internal format is PF_A8R8G8B8,650x380x1.
07:59:40: Texture: B02B_CON.png: Loading 1 faces(PF_R8G8B8,650x380x1) with 5 hardware generated mipmaps from Image. Internal format is PF_X8R8G8B8,650x380x1.
07:59:40: Texture: B01_C.png: Loading 1 faces(PF_A8R8G8B8,650x380x1) with 5 hardware generated mipmaps from Image. Internal format is PF_A8R8G8B8,650x380x1.
07:59:40: Texture: B01_B.png: Loading 1 faces(PF_A8R8G8B8,650x380x1) with 5 hardware generated mipmaps from Image. Internal format is PF_A8R8G8B8,650x380x1.
07:59:40: Texture: B02C_CON.png: Loading 1 faces(PF_R8G8B8,650x380x1) with 5 hardware generated mipmaps from Image. Internal format is PF_X8R8G8B8,650x380x1.
07:59:41: Texture: ground.png: Loading 1 faces(PF_R8G8B8,800x800x1) with 5 hardware generated mipmaps from Image. Internal format is PF_X8R8G8B8,800x800x1.
07:59:41: Texture: R01.png: Loading 1 faces(PF_R8G8B8,512x512x1) with 5 hardware generated mipmaps from Image. Internal format is PF_X8R8G8B8,512x512x1.
07:59:41: Texture: WIN.png: Loading 1 faces(PF_A8R8G8B8,585x248x1) with 5 hardware generated mipmaps from Image. Internal format is PF_A8R8G8B8,585x248x1.
07:59:41: Mesh: Loading razor.mesh.
07:59:42: Texture: texmap2.jpg: Loading 1 faces(PF_R8G8B8,512x512x1) with 5 hardware generated mipmaps from Image. Internal format is PF_X8R8G8B8,512x512x1.
07:59:42: Mesh: Loading G6.mesh.
07:59:42: WARNING: G6.mesh is an older format ([MeshSerializer_v1.30]); you should upgrade it as soon as possible using the OgreMeshUpgrade tool.
07:59:46: Texture: G6_HULL.TGA: Loading 1 faces(PF_A8R8G8B8,1024x1024x1) with 5 hardware generated mipmaps from Image. Internal format is PF_A8R8G8B8,1024x1024x1.
07:59:49: Texture: G6_TURRET.TGA: Loading 1 faces(PF_A8R8G8B8,1024x1024x1) with 5 hardware generated mipmaps from Image. Internal format is PF_A8R8G8B8,1024x1024x1.
07:59:49: Texture: G6_GunBaseBarrel.tga: Loading 1 faces(PF_A8R8G8B8,512x512x1) with 5 hardware generated mipmaps from Image. Internal format is PF_A8R8G8B8,512x512x1.
07:59:50: Texture: G6_Tyre.tga: Loading 1 faces(PF_A8R8G8B8,512x512x1) with 5 hardware generated mipmaps from Image. Internal format is PF_A8R8G8B8,512x512x1.
07:59:52: Texture: _cegui_ogre_0: Loading 1 faces(PF_A8R8G8B8,256x256x1) with  hardware generated mipmaps from Image. Internal format is PF_A8R8G8B8,256x256x1.
07:59:53: Texture: smoke.png: Loading 1 faces(PF_A8R8G8B8,256x256x1) with 5 hardware generated mipmaps from Image. Internal format is PF_A8R8G8B8,256x256x1.
07:59:54: Texture: flare.png: Loading 1 faces(PF_R8G8B8,256x256x1) with 5 hardware generated mipmaps from Image. Internal format is PF_X8R8G8B8,256x256x1.
08:00:35: PCZone Factory Type 'ZoneType_Octree' unregistered
08:00:35: PCZone Factory Type 'ZoneType_Terrain' unregistered
08:00:35: Unregistering ResourceManager for type BspLevel
08:00:35: *-*-* OGRE Shutdown
08:00:35: *-*-* OGRE Shutdown
08:00:35: Unregistering ResourceManager for type Compositor
08:00:35: Unregistering ResourceManager for type Font
08:00:35: Unregistering ResourceManager for type Skeleton
08:00:35: Unregistering ResourceManager for type Mesh
08:00:35: Unregistering ResourceManager for type HighLevelGpuProgram
08:00:35: Uninstalling plugin: Octree & Terrain Scene Manager
08:00:35: Plugin successfully uninstalled
08:00:35: Unloading library .\Plugin_OctreeSceneManager
08:00:35: Uninstalling plugin: Octree Zone Factory
08:00:35: Plugin successfully uninstalled
08:00:35: Unloading library .\Plugin_OctreeZone.dll
08:00:35: Uninstalling plugin: Portal Connected Zone Scene Manager
08:00:35: Plugin successfully uninstalled
08:00:35: Unloading library .\Plugin_PCZSceneManager.dll
08:00:35: Uninstalling plugin: Cg Program Manager
08:00:35: Plugin successfully uninstalled
08:00:35: Unloading library .\Plugin_CgProgramManager
08:00:35: Uninstalling plugin: BSP Scene Manager
08:00:35: Plugin successfully uninstalled
08:00:35: Unloading library .\Plugin_BSPSceneManager
08:00:35: Uninstalling plugin: ParticleFX
08:00:35: Plugin successfully uninstalled
08:00:35: Unloading library .\Plugin_ParticleFX
08:00:35: Uninstalling plugin: GL RenderSystem
08:00:35: Unregistering ResourceManager for type GpuProgram
08:00:35: *** Stopping Win32GL Subsystem ***
08:00:35: Unregistering ResourceManager for type Texture
08:00:35: Plugin successfully uninstalled
08:00:35: Unloading library .\RenderSystem_GL
08:00:35: Uninstalling plugin: D3D9 RenderSystem
08:00:35: D3D9 : Shutting down cleanly.
08:00:35: D3D9 : Direct3D9 Rendering Subsystem destroyed.
08:00:35: Plugin successfully uninstalled
08:00:35: Unloading library .\RenderSystem_Direct3D9
08:00:35: Unregistering ResourceManager for type Material
