13:58:10: Creating resource group General
13:58:10: Creating resource group Internal
13:58:10: Creating resource group Autodetect
13:58:10: SceneManagerFactory for type 'DefaultSceneManager' registered.
13:58:10: Registering ResourceManager for type Material
13:58:10: Registering ResourceManager for type Mesh
13:58:10: Registering ResourceManager for type Skeleton
13:58:10: MovableObjectFactory for type 'ParticleSystem' registered.
13:58:10: OverlayElementFactory for type Panel registered.
13:58:10: OverlayElementFactory for type BorderPanel registered.
13:58:10: OverlayElementFactory for type TextArea registered.
13:58:10: Registering ResourceManager for type Font
13:58:10: ArchiveFactory for archive type FileSystem registered.
13:58:10: ArchiveFactory for archive type Zip registered.
13:58:10: FreeImage version: 3.10.0
13:58:10: This program uses FreeImage, a free, open source image library supporting all common bitmap formats. See http://freeimage.sourceforge.net for details
13:58:10: Supported formats: bmp,ico,jpg,jif,jpeg,jpe,jng,koa,iff,lbm,mng,pbm,pbm,pcd,pcx,pgm,pgm,png,ppm,ppm,ras,tga,targa,tif,tiff,wap,wbmp,wbm,psd,cut,xbm,xpm,gif,hdr,g3,sgi,exr,j2k,j2c,jp2
13:58:10: DDS codec registering
13:58:10: Registering ResourceManager for type HighLevelGpuProgram
13:58:10: Registering ResourceManager for type Compositor
13:58:10: MovableObjectFactory for type 'Entity' registered.
13:58:10: MovableObjectFactory for type 'Light' registered.
13:58:10: MovableObjectFactory for type 'BillboardSet' registered.
13:58:10: MovableObjectFactory for type 'ManualObject' registered.
13:58:10: MovableObjectFactory for type 'BillboardChain' registered.
13:58:10: MovableObjectFactory for type 'RibbonTrail' registered.
13:58:10: Loading library .\RenderSystem_Direct3D9_d
13:58:10: Installing plugin: D3D9 RenderSystem
13:58:10: D3D9 : Direct3D9 Rendering Subsystem created.
13:58:10: D3D9: Driver Detection Starts
13:58:10: D3D9: Driver Detection Ends
13:58:10: Plugin successfully installed
13:58:10: Loading library .\RenderSystem_GL_d
13:58:10: Installing plugin: GL RenderSystem
13:58:10: OpenGL Rendering Subsystem created.
13:58:10: Plugin successfully installed
13:58:10: Loading library .\Plugin_ParticleFX_d
13:58:10: Installing plugin: ParticleFX
13:58:10: Particle Emitter Type 'Point' registered
13:58:10: Particle Emitter Type 'Box' registered
13:58:10: Particle Emitter Type 'Ellipsoid' registered
13:58:10: Particle Emitter Type 'Cylinder' registered
13:58:10: Particle Emitter Type 'Ring' registered
13:58:10: Particle Emitter Type 'HollowEllipsoid' registered
13:58:10: Particle Affector Type 'LinearForce' registered
13:58:10: Particle Affector Type 'ColourFader' registered
13:58:10: Particle Affector Type 'ColourFader2' registered
13:58:10: Particle Affector Type 'ColourImage' registered
13:58:10: Particle Affector Type 'ColourInterpolator' registered
13:58:10: Particle Affector Type 'Scaler' registered
13:58:10: Particle Affector Type 'Rotator' registered
13:58:10: Particle Affector Type 'DirectionRandomiser' registered
13:58:10: Particle Affector Type 'DeflectorPlane' registered
13:58:10: Plugin successfully installed
13:58:10: Loading library .\Plugin_BSPSceneManager_d
13:58:10: Installing plugin: BSP Scene Manager
13:58:10: Plugin successfully installed
13:58:10: Loading library .\Plugin_CgProgramManager_d
13:58:10: Installing plugin: Cg Program Manager
13:58:10: Plugin successfully installed
13:58:10: Loading library .\Plugin_PCZSceneManager_d.dll
13:58:10: Installing plugin: Portal Connected Zone Scene Manager
13:58:10: PCZone Factory Type 'ZoneType_Default' registered
13:58:10: Plugin successfully installed
13:58:10: Loading library .\Plugin_OctreeZone_d.dll
13:58:10: Installing plugin: Octree Zone Factory
13:58:10: Plugin successfully installed
13:58:10: Loading library .\Plugin_OctreeSceneManager_d
13:58:10: Installing plugin: Octree & Terrain Scene Manager
13:58:10: Plugin successfully installed
13:58:10: *-*-* OGRE Initialising
13:58:10: *-*-* Version 1.6.2 (Shoggoth)
13:58:10: Creating resource group Bootstrap
13:58:10: Added resource location '../media/packs/OgreCore.zip' of type 'Zip' to resource group 'Bootstrap'
13:58:10: Added resource location '../media' of type 'FileSystem' to resource group 'General'
13:58:10: Added resource location '../media/fonts' of type 'FileSystem' to resource group 'General'
13:58:10: Added resource location '../media/materials/programs' of type 'FileSystem' to resource group 'General'
13:58:10: Added resource location '../media/materials/scripts' of type 'FileSystem' to resource group 'General'
13:58:10: Added resource location '../media/materials/textures' of type 'FileSystem' to resource group 'General'
13:58:10: Added resource location '../media/models' of type 'FileSystem' to resource group 'General'
13:58:10: Added resource location '../media/overlays' of type 'FileSystem' to resource group 'General'
13:58:10: Added resource location '../media/particle' of type 'FileSystem' to resource group 'General'
13:58:10: Added resource location '../media/gui' of type 'FileSystem' to resource group 'General'
13:58:10: Added resource location '../media/DeferredShadingMedia' of type 'FileSystem' to resource group 'General'
13:58:10: Added resource location '../media/PCZAppMedia' of type 'FileSystem' to resource group 'General'
13:58:10: Added resource location '../media/packs/cubemap.zip' of type 'Zip' to resource group 'General'
13:58:10: Added resource location '../media/packs/cubemapsJS.zip' of type 'Zip' to resource group 'General'
13:58:10: Added resource location '../media/packs/dragon.zip' of type 'Zip' to resource group 'General'
13:58:10: Added resource location '../media/packs/fresneldemo.zip' of type 'Zip' to resource group 'General'
13:58:10: Added resource location '../media/packs/ogretestmap.zip' of type 'Zip' to resource group 'General'
13:58:10: Added resource location '../media/packs/skybox.zip' of type 'Zip' to resource group 'General'
13:58:10: Added resource location '../media2/models' of type 'FileSystem' to resource group 'General'
13:58:10: Added resource location '../media2/materials/scripts' of type 'FileSystem' to resource group 'General'
13:58:11: Added resource location '../media2/materials/textures' of type 'FileSystem' to resource group 'General'
13:58:11: Added resource location '../media2/particles' of type 'FileSystem' to resource group 'General'
13:58:11: Added resource location '../media2/overlays' of type 'FileSystem' to resource group 'General'
13:58:11: CPU Identifier & Features
13:58:11: -------------------------
13:58:11:  *   CPU ID: GenuineIntel: Intel(R) Core(TM)2 Duo CPU     E6750  @ 2.66GHz
13:58:11:  *      SSE: yes
13:58:11:  *     SSE2: yes
13:58:11:  *     SSE3: yes
13:58:11:  *      MMX: yes
13:58:11:  *   MMXEXT: yes
13:58:11:  *    3DNOW: no
13:58:11:  * 3DNOWEXT: no
13:58:11:  *     CMOV: yes
13:58:11:  *      TSC: yes
13:58:11:  *      FPU: yes
13:58:11:  *      PRO: yes
13:58:11:  *       HT: no
13:58:11: -------------------------
13:58:11: *** Starting Win32GL Subsystem ***
13:58:11: GLRenderSystem::_createRenderWindow "Urban Warfare Simulator", 1676x928 windowed  miscParams: externalWindowHandle=5180314 
13:58:11: GL_VERSION = 2.1.1
13:58:11: GL_VENDOR = NVIDIA Corporation
13:58:11: GL_RENDERER = GeForce 8500 GT/PCI/SSE2
13:58:11: GL_EXTENSIONS = GL_ARB_color_buffer_float GL_ARB_depth_texture GL_ARB_draw_buffers GL_ARB_fragment_program GL_ARB_fragment_program_shadow GL_ARB_fragment_shader GL_ARB_half_float_pixel GL_ARB_imaging GL_ARB_multisample GL_ARB_multitexture GL_ARB_occlusion_query GL_ARB_pixel_buffer_object GL_ARB_point_parameters GL_ARB_point_sprite GL_ARB_shadow GL_ARB_shader_objects GL_ARB_shading_language_100 GL_ARB_texture_border_clamp GL_ARB_texture_compression GL_ARB_texture_cube_map GL_ARB_texture_env_add GL_ARB_texture_env_combine GL_ARB_texture_env_dot3 GL_ARB_texture_float GL_ARB_texture_mirrored_repeat GL_ARB_texture_non_power_of_two GL_ARB_texture_rectangle GL_ARB_transpose_matrix GL_ARB_vertex_buffer_object GL_ARB_vertex_program GL_ARB_vertex_shader GL_ARB_window_pos GL_ATI_draw_buffers GL_ATI_texture_float GL_ATI_texture_mirror_once GL_S3_s3tc GL_EXT_texture_env_add GL_EXT_abgr GL_EXT_bgra GL_EXT_blend_color GL_EXT_blend_equation_separate GL_EXT_blend_func_separate GL_EXT_blend_minmax GL_EXT_blend_subtract GL_EXT_compiled_vertex_array GL_EXT_Cg_shader GL_EXT_bindable_uniform GL_EXT_depth_bounds_test GL_EXT_draw_buffers2 GL_EXT_draw_instanced GL_EXT_draw_range_elements GL_EXT_fog_coord GL_EXT_framebuffer_blit GL_EXT_framebuffer_multisample GL_EXT_framebuffer_object GL_EXTX_framebuffer_mixed_formats GL_EXT_framebuffer_sRGB GL_EXT_geometry_shader4 GL_EXT_gpu_program_parameters GL_EXT_gpu_shader4 GL_EXT_multi_draw_arrays GL_EXT_packed_depth_stencil GL_EXT_packed_float GL_EXT_packed_pixels GL_EXT_pixel_buffer_object GL_EXT_point_parameters GL_EXT_rescale_normal GL_EXT_secondary_color GL_EXT_separate_specular_color GL_EXT_shadow_funcs GL_EXT_stencil_two_side GL_EXT_stencil_wrap GL_EXT_texture3D GL_EXT_texture_array GL_EXT_texture_buffer_object GL_EXT_texture_compression_latc GL_EXT_texture_compression_rgtc GL_EXT_texture_compression_s3tc GL_EXT_texture_cube_map GL_EXT_texture_edge_clamp GL_EXT_texture_env_combine GL_EXT_texture_env_dot3 GL_EXT_texture_filter_anisotropic GL_EXT_texture_integer GL_EXT_texture_lod GL_EXT_texture_lod_bias GL_EXT_texture_mirror_clamp GL_EXT_texture_object GL_EXT_texture_sRGB GL_EXT_texture_shared_exponent GL_EXT_timer_query GL_EXT_vertex_array GL_IBM_rasterpos_clip GL_IBM_texture_mirrored_repeat GL_KTX_buffer_region GL_NV_blend_square GL_NV_copy_depth_to_color GL_NV_depth_buffer_float GL_NV_conditional_render GL_NV_depth_clamp GL_NV_fence GL_NV_float_buffer GL_NV_fog_distance GL_NV_fragment_program GL_NV_fragment_program_option GL_NV_fragment_program2 GL_NV_framebuffer_multisample_coverage GL_NV_geometry_shader4 GL_NV_gpu_program4 GL_NV_half_float GL_NV_light_max_exponent GL_NV_multisample_filter_hint GL_NV_occlusion_query GL_NV_packed_depth_stencil GL_NV_parameter_buffer_object GL_NV_pixel_data_range GL_NV_point_sprite GL_NV_primitive_restart GL_NV_register_combiners GL_NV_register_combiners2 GL_NV_texgen_reflection GL_NV_texture_compression_vtc GL_NV_texture_env_combine4 GL_NV_texture_expand_normal GL_NV_texture_rectangle GL_NV_texture_shader GL_NV_texture_shader2 GL_NV_texture_shader3 GL_NV_transform_feedback GL_NV_vertex_array_range GL_NV_vertex_array_range2 GL_NV_vertex_program GL_NV_vertex_program1_1 GL_NV_vertex_program2 GL_NV_vertex_program2_option GL_NV_vertex_program3 GL_NVX_conditional_render GL_SGIS_generate_mipmap GL_SGIS_texture_lod GL_SGIX_depth_texture GL_SGIX_shadow GL_SUN_slice_accum GL_WIN_swap_hint WGL_EXT_swap_control 
13:58:11: Supported WGL extensions: WGL_ARB_buffer_region WGL_ARB_extensions_string WGL_ARB_make_current_read WGL_ARB_multisample WGL_ARB_pbuffer WGL_ARB_pixel_format WGL_ARB_pixel_format_float WGL_ARB_render_texture WGL_ATI_pixel_format_float WGL_EXT_extensions_string WGL_EXT_framebuffer_sRGB WGL_EXT_pixel_format_packed_float WGL_EXT_swap_control WGL_NV_float_buffer WGL_NV_render_depth_texture WGL_NV_render_texture_rectangle 
13:58:11: ***************************
13:58:11: *** GL Renderer Started ***
13:58:11: ***************************
13:58:11: Registering ResourceManager for type GpuProgram
13:58:11: GLSL support detected
13:58:11: GL: Using GL_EXT_framebuffer_object for rendering to textures (best)
13:58:11: FBO PF_UNKNOWN depth/stencil support: D16S0 D24S0 D32S0 Packed-D24S8 
13:58:11: FBO PF_L8 depth/stencil support: D0S0 D16S0 D24S0 D32S0 Packed-D24S8 
13:58:11: FBO PF_A8 depth/stencil support: D0S0 D16S0 D24S0 D32S0 Packed-D24S8 
13:58:11: FBO PF_A4L4 depth/stencil support: D0S0 D16S0 D24S0 D32S0 Packed-D24S8 
13:58:11: FBO PF_BYTE_LA depth/stencil support: D0S0 D16S0 D24S0 D32S0 Packed-D24S8 
13:58:11: FBO PF_R5G6B5 depth/stencil support: D0S0 D16S0 D24S0 D32S0 Packed-D24S8 
13:58:11: FBO PF_B5G6R5 depth/stencil support: D0S0 D16S0 D24S0 D32S0 Packed-D24S8 
13:58:11: FBO PF_A1R5G5B5 depth/stencil support: D0S0 D16S0 D24S0 D32S0 Packed-D24S8 
13:58:11: FBO PF_R8G8B8 depth/stencil support: D0S0 D16S0 D24S0 D32S0 Packed-D24S8 
13:58:11: FBO PF_B8G8R8 depth/stencil support: D0S0 D16S0 D24S0 D32S0 Packed-D24S8 
13:58:11: FBO PF_A8R8G8B8 depth/stencil support: D0S0 D16S0 D24S0 D32S0 Packed-D24S8 
13:58:11: FBO PF_B8G8R8A8 depth/stencil support: D0S0 D16S0 D24S0 D32S0 Packed-D24S8 
13:58:11: FBO PF_A2R10G10B10 depth/stencil support: D0S0 D16S0 D24S0 D32S0 Packed-D24S8 
13:58:11: FBO PF_A2B10G10R10 depth/stencil support: D0S0 D16S0 D24S0 D32S0 Packed-D24S8 
13:58:11: FBO PF_FLOAT16_RGB depth/stencil support: D0S0 D16S0 D24S0 D32S0 Packed-D24S8 
13:58:11: FBO PF_FLOAT16_RGBA depth/stencil support: D0S0 D16S0 D24S0 D32S0 Packed-D24S8 
13:58:11: FBO PF_FLOAT32_RGB depth/stencil support: D0S0 D16S0 D24S0 D32S0 Packed-D24S8 
13:58:11: FBO PF_FLOAT32_RGBA depth/stencil support: D0S0 D16S0 D24S0 D32S0 Packed-D24S8 
13:58:11: FBO PF_X8R8G8B8 depth/stencil support: D0S0 D16S0 D24S0 D32S0 Packed-D24S8 
13:58:11: FBO PF_X8B8G8R8 depth/stencil support: D0S0 D16S0 D24S0 D32S0 Packed-D24S8 
13:58:11: FBO PF_SHORT_RGBA depth/stencil support: D0S0 D16S0 D24S0 D32S0 Packed-D24S8 
13:58:11: FBO PF_R3G3B2 depth/stencil support: D0S0 D16S0 D24S0 D32S0 Packed-D24S8 
13:58:12: FBO PF_FLOAT16_R depth/stencil support: D0S0 D16S0 D24S0 D32S0 Packed-D24S8 
13:58:12: FBO PF_FLOAT32_R depth/stencil support: D0S0 D16S0 D24S0 D32S0 Packed-D24S8 
13:58:12: FBO PF_FLOAT16_GR depth/stencil support: D0S0 D16S0 D24S0 D32S0 Packed-D24S8 
13:58:12: FBO PF_FLOAT32_GR depth/stencil support: D0S0 D16S0 D24S0 D32S0 Packed-D24S8 
13:58:12: FBO PF_SHORT_RGB depth/stencil support: D0S0 D16S0 D24S0 D32S0 Packed-D24S8 
13:58:12: [GL] : Valid FBO targets PF_UNKNOWN PF_L8 PF_A8 PF_A4L4 PF_BYTE_LA PF_R5G6B5 PF_B5G6R5 PF_A1R5G5B5 PF_R8G8B8 PF_B8G8R8 PF_A8R8G8B8 PF_B8G8R8A8 PF_A2R10G10B10 PF_A2B10G10R10 PF_FLOAT16_RGB PF_FLOAT16_RGBA PF_FLOAT32_RGB PF_FLOAT32_RGBA PF_X8R8G8B8 PF_X8B8G8R8 PF_SHORT_RGBA PF_R3G3B2 PF_FLOAT16_R PF_FLOAT32_R PF_FLOAT16_GR PF_FLOAT32_GR PF_SHORT_RGB 
13:58:12: RenderSystem capabilities
13:58:12: -------------------------
13:58:12: RenderSystem Name: OpenGL Rendering Subsystem
13:58:12: GPU Vendor: nvidia
13:58:12: Device Name: GeForce 8500 GT/PCI/SSE2
13:58:12: Driver Version: 2.1.1.0
13:58:12:  * Fixed function pipeline: yes
13:58:12:  * Hardware generation of mipmaps: yes
13:58:12:  * Texture blending: yes
13:58:12:  * Anisotropic texture filtering: yes
13:58:12:  * Dot product texture operation: yes
13:58:12:  * Cube mapping: yes
13:58:12:  * Hardware stencil buffer: yes
13:58:12:    - Stencil depth: 8
13:58:12:    - Two sided stencil support: yes
13:58:12:    - Wrap stencil values: yes
13:58:12:  * Hardware vertex / index buffers: yes
13:58:12:  * Vertex programs: yes
13:58:12:  * Fragment programs: yes
13:58:12:  * Geometry programs: yes
13:58:12:  * Supported Shader Profiles: arbfp1 arbvp1 fp20 fp30 fp40 glsl gp4gp gpu_gp nvgp4 vp30 vp40
13:58:12:  * Texture Compression: yes
13:58:12:    - DXT: yes
13:58:12:    - VTC: yes
13:58:12:  * Scissor Rectangle: yes
13:58:12:  * Hardware Occlusion Query: yes
13:58:12:  * User clip planes: yes
13:58:12:  * VET_UBYTE4 vertex element type: yes
13:58:12:  * Infinite far plane projection: yes
13:58:12:  * Hardware render-to-texture: yes
13:58:12:  * Floating point textures: yes
13:58:12:  * Non-power-of-two textures: yes
13:58:12:  * Volume textures: yes
13:58:12:  * Multiple Render Targets: 8
13:58:12:    - With different bit depths: yes
13:58:12:  * Point Sprites: yes
13:58:12:  * Extended point parameters: yes
13:58:12:  * Max Point Size: 63.375
13:58:12:  * Vertex texture fetch: yes
13:58:12:    - Max vertex textures: 32
13:58:12:    - Vertex textures shared: yes
13:58:12:  * Render to Vertex Buffer : yes
13:58:12:  * GL 1.5 without VBO workaround: no
13:58:12:  * Frame Buffer objects: yes
13:58:12:  * Frame Buffer objects (ARB extension): no
13:58:12:  * Frame Buffer objects (ATI extension): no
13:58:12:  * PBuffer suppport: no
13:58:12:  * GL 1.5 without HW-occlusion workaround: no
13:58:12: Registering ResourceManager for type Texture
13:58:12: ResourceBackgroundQueue - threading disabled
13:58:12: Particle Renderer Type 'billboard' registered
13:58:12: SceneManagerFactory for type 'BspSceneManager' registered.
13:58:12: Registering ResourceManager for type BspLevel
13:58:12: SceneManagerFactory for type 'PCZSceneManager' registered.
13:58:12: MovableObjectFactory for type 'PCZLight' registered.
13:58:12: PCZone Factory Type 'ZoneType_Octree' registered
13:58:12: PCZone Factory Type 'ZoneType_Terrain' registered
13:58:12: SceneManagerFactory for type 'OctreeSceneManager' registered.
13:58:12: SceneManagerFactory for type 'TerrainSceneManager' registered.
13:58:12: Parsing scripts for resource group Autodetect
13:58:12: Finished parsing scripts for resource group Autodetect
13:58:12: Parsing scripts for resource group Bootstrap
13:58:12: Parsing script OgreCore.material
13:58:12: Parsing script OgreProfiler.material
13:58:12: Parsing script Ogre.fontdef
13:58:12: Parsing script OgreDebugPanel.overlay
13:58:12: Texture: New_Ogre_Border_Center.png: Loading 1 faces(PF_A8R8G8B8,256x128x1) with 5 generated mipmaps from Image. Internal format is PF_A8R8G8B8,256x128x1.
13:58:12: Texture: New_Ogre_Border.png: Loading 1 faces(PF_A8R8G8B8,256x256x1) with 5 generated mipmaps from Image. Internal format is PF_A8R8G8B8,256x256x1.
13:58:12: Texture: New_Ogre_Border_Break.png: Loading 1 faces(PF_A8R8G8B8,32x32x1) with 5 generated mipmaps from Image. Internal format is PF_A8R8G8B8,32x32x1.
13:58:12: Font BlueHighwayusing texture size 512x512
13:58:12: Info: Freetype returned null for character 127 in font BlueHighway
13:58:12: Info: Freetype returned null for character 128 in font BlueHighway
13:58:12: Info: Freetype returned null for character 129 in font BlueHighway
13:58:12: Info: Freetype returned null for character 130 in font BlueHighway
13:58:12: Info: Freetype returned null for character 131 in font BlueHighway
13:58:12: Info: Freetype returned null for character 132 in font BlueHighway
13:58:12: Info: Freetype returned null for character 133 in font BlueHighway
13:58:12: Info: Freetype returned null for character 134 in font BlueHighway
13:58:12: Info: Freetype returned null for character 135 in font BlueHighway
13:58:12: Info: Freetype returned null for character 136 in font BlueHighway
13:58:12: Info: Freetype returned null for character 137 in font BlueHighway
13:58:12: Info: Freetype returned null for character 138 in font BlueHighway
13:58:12: Info: Freetype returned null for character 139 in font BlueHighway
13:58:12: Info: Freetype returned null for character 140 in font BlueHighway
13:58:12: Info: Freetype returned null for character 141 in font BlueHighway
13:58:12: Info: Freetype returned null for character 142 in font BlueHighway
13:58:12: Info: Freetype returned null for character 143 in font BlueHighway
13:58:12: Info: Freetype returned null for character 144 in font BlueHighway
13:58:12: Info: Freetype returned null for character 145 in font BlueHighway
13:58:12: Info: Freetype returned null for character 146 in font BlueHighway
13:58:12: Info: Freetype returned null for character 147 in font BlueHighway
13:58:12: Info: Freetype returned null for character 148 in font BlueHighway
13:58:12: Info: Freetype returned null for character 149 in font BlueHighway
13:58:12: Info: Freetype returned null for character 150 in font BlueHighway
13:58:12: Info: Freetype returned null for character 151 in font BlueHighway
13:58:12: Info: Freetype returned null for character 152 in font BlueHighway
13:58:12: Info: Freetype returned null for character 153 in font BlueHighway
13:58:12: Info: Freetype returned null for character 154 in font BlueHighway
13:58:12: Info: Freetype returned null for character 155 in font BlueHighway
13:58:12: Info: Freetype returned null for character 156 in font BlueHighway
13:58:12: Info: Freetype returned null for character 157 in font BlueHighway
13:58:12: Info: Freetype returned null for character 158 in font BlueHighway
13:58:12: Info: Freetype returned null for character 159 in font BlueHighway
13:58:12: Info: Freetype returned null for character 160 in font BlueHighway
13:58:12: Texture: BlueHighwayTexture: Loading 1 faces(PF_BYTE_LA,512x512x1) with 0 generated mipmaps from Image. Internal format is PF_BYTE_LA,512x512x1.
13:58:12: Texture: ogretext.png: Loading 1 faces(PF_A8R8G8B8,256x128x1) with 5 generated mipmaps from Image. Internal format is PF_A8R8G8B8,256x128x1.
13:58:12: Parsing script OgreLoadingPanel.overlay
13:58:12: Finished parsing scripts for resource group Bootstrap
13:58:12: Parsing scripts for resource group General
13:58:12: Parsing script Examples.program
13:58:12: GLSL compiling: Ogre/BasicVertexPrograms/AmbientOneTextureGLSL
13:58:12: GLSL compiled : Ogre/BasicVertexPrograms/AmbientOneTextureGLSL
13:58:12: GLSL compiling: Ogre/HardwareSkinningTwoWeightsGLSL
13:58:12: GLSL compiled : Ogre/HardwareSkinningTwoWeightsGLSL
13:58:12: Parsing script StdQuad_vp.program
13:58:12: Parsing script deferred.glsl.program
13:58:12: GLSL compiling: DeferredShading/material/glsl/ps
13:58:12: GLSL compiled : DeferredShading/material/glsl/ps
13:58:12: GLSL compiling: DeferredShading/material/glsl/notex_ps
13:58:12: GLSL compiled : DeferredShading/material/glsl/notex_ps
13:58:12: GLSL compiling: DeferredShading/material/glsl/nm_ps
13:58:12: GLSL compiled : DeferredShading/material/glsl/nm_ps
13:58:12: GLSL compiling: DeferredShading/material/glsl/nm_notex_ps
13:58:12: GLSL compiled : DeferredShading/material/glsl/nm_notex_ps
13:58:12: Parsing script deferred.hlsl.program
13:58:12: Parsing script deferred.program
13:58:12: GLSL compiling: DeferredShading/material/glsl/ps
13:58:12: GLSL compiled : DeferredShading/material/glsl/ps
13:58:12: GLSL compiling: DeferredShading/material/glsl/notex_ps
13:58:12: GLSL compiled : DeferredShading/material/glsl/notex_ps
13:58:12: GLSL compiling: DeferredShading/material/glsl/nm_ps
13:58:12: GLSL compiled : DeferredShading/material/glsl/nm_ps
13:58:12: GLSL compiling: DeferredShading/material/glsl/nm_notex_ps
13:58:12: GLSL compiled : DeferredShading/material/glsl/nm_notex_ps
13:58:12: Parsing script deferred_post_ambient.program
13:58:12: GLSL compiling: DeferredShading/post/glsl/Ambient_ps
13:58:12: GLSL compiled : DeferredShading/post/glsl/Ambient_ps
13:58:12: Parsing script deferred_post_debug.glsl.program
13:58:12: GLSL compiling: DeferredShading/post/glsl/ShowNormal_ps
13:58:12: GLSL compiled : DeferredShading/post/glsl/ShowNormal_ps
13:58:12: GLSL compiling: DeferredShading/post/glsl/ShowDS_ps
13:58:12: GLSL compiled : DeferredShading/post/glsl/ShowDS_ps
13:58:12: GLSL compiling: DeferredShading/post/glsl/ShowColour_ps
13:58:12: GLSL compiled : DeferredShading/post/glsl/ShowColour_ps
13:58:12: Parsing script deferred_post_debug.hlsl.program
13:58:12: Parsing script deferred_post_debug.program
13:58:12: GLSL compiling: DeferredShading/post/glsl/ShowNormal_ps
13:58:12: GLSL compiled : DeferredShading/post/glsl/ShowNormal_ps
13:58:12: GLSL compiling: DeferredShading/post/glsl/ShowDS_ps
13:58:12: GLSL compiled : DeferredShading/post/glsl/ShowDS_ps
13:58:12: GLSL compiling: DeferredShading/post/glsl/ShowColour_ps
13:58:12: GLSL compiled : DeferredShading/post/glsl/ShowColour_ps
13:58:12: Parsing script deferred_post_minilight.glsl.program
13:58:12: GLSL compiling: DeferredShading/post/glsl/LightMaterial_vs
13:58:12: GLSL compiled : DeferredShading/post/glsl/LightMaterial_vs
13:58:12: GLSL compiling: DeferredShading/post/glsl/LightMaterial_ps
13:58:12: GLSL compiled : DeferredShading/post/glsl/LightMaterial_ps
13:58:12: Parsing script deferred_post_minilight.hlsl.program
13:58:12: Parsing script deferred_post_minilight.program
13:58:12: GLSL compiling: DeferredShading/post/glsl/LightMaterial_vs
13:58:12: GLSL compiled : DeferredShading/post/glsl/LightMaterial_vs
13:58:12: GLSL compiling: DeferredShading/post/glsl/LightMaterial_ps
13:58:12: GLSL compiled : DeferredShading/post/glsl/LightMaterial_ps
13:58:12: Parsing script deferred_post_multipass.glsl.program
13:58:12: GLSL compiling: DeferredShading/post/glsl/Ambient_ps
13:58:12: GLSL compiled : DeferredShading/post/glsl/Ambient_ps
13:58:12: GLSL compiling: DeferredShading/post/glsl/GlobalLight_ps
13:58:12: GLSL compiled : DeferredShading/post/glsl/GlobalLight_ps
13:58:12: Parsing script deferred_post_multipass.hlsl.program
13:58:12: Parsing script deferred_post_onepass.glsl.program
13:58:12: GLSL compiling: DeferredShading/post/glsl/vs
13:58:12: GLSL compiled : DeferredShading/post/glsl/vs
13:58:12: GLSL compiling: DeferredShading/post/glsl/SinglePass_ps
13:58:12: GLSL compiled : DeferredShading/post/glsl/SinglePass_ps
13:58:12: Parsing script deferred_post_onepass.hlsl.program
13:58:12: Parsing script deferred_post_vs.program
13:58:12: GLSL compiling: DeferredShading/post/glsl/vs
13:58:12: GLSL compiled : DeferredShading/post/glsl/vs
13:58:12: Parsing script ASCII.material
13:58:12: Parsing script ASMSwizzle.material
13:58:12: Parsing script BlackAndWhite.material
13:58:12: Parsing script Bloom.material
13:58:12: GLSL compiling: Blur_ps_glsl
13:58:12: GLSL compiled : Blur_ps_glsl
13:58:12: GLSL compiling: Blur0_vs_glsl
13:58:12: GLSL compiled : Blur0_vs_glsl
13:58:12: GLSL compiling: Blur1_vs_glsl
13:58:12: GLSL compiled : Blur1_vs_glsl
13:58:12: Parsing script Bloom2.material
13:58:12: GLSL compiling: Bloom2_ps20_glsl
13:58:12: GLSL compiled : Bloom2_ps20_glsl
13:58:13: Parsing script CGSwizzle.material
13:58:13: Parsing script DepthShadowmap.material
13:58:13: GLSL compiling: Ogre/DepthShadowmap/CasterVP_GLSL
13:58:13: GLSL compiled : Ogre/DepthShadowmap/CasterVP_GLSL
13:58:13: GLSL compiling: Ogre/DepthShadowmap/CasterFP_GLSL
13:58:13: GLSL compiled : Ogre/DepthShadowmap/CasterFP_GLSL
13:58:13: GLSL compiling: Ogre/DepthShadowmap/ReceiverVP_GLSL
13:58:13: GLSL compiled : Ogre/DepthShadowmap/ReceiverVP_GLSL
13:58:13: GLSL compiling: Ogre/DepthShadowmap/ReceiverFP_GLSL
13:58:13: GLSL compiled : Ogre/DepthShadowmap/ReceiverFP_GLSL
13:58:13: GLSL compiling: Ogre/DepthShadowmap/ReceiverFPPCF_GLSL
13:58:13: GLSL compiled : Ogre/DepthShadowmap/ReceiverFPPCF_GLSL
13:58:13: GLSL compiling: Ogre/DepthShadowmap/NormalMapReceiverVP_GLSL
13:58:13: GLSL compiled : Ogre/DepthShadowmap/NormalMapReceiverVP_GLSL
13:58:13: GLSL compiling: Ogre/DepthShadowmap/NormalMapReceiverFP_GLSL
13:58:13: GLSL compiled : Ogre/DepthShadowmap/NormalMapReceiverFP_GLSL
13:58:13: GLSL compiling: Ogre/DepthShadowmap/NormalMapReceiverFPPCF_GLSL
13:58:13: GLSL compiled : Ogre/DepthShadowmap/NormalMapReceiverFPPCF_GLSL
13:58:13: Parsing script Dither.material
13:58:13: Parsing script DOF.material
13:58:13: Parsing script Embossed.material
13:58:13: Parsing script Example-DynTex.material
13:58:13: Parsing script Example-Water.material
13:58:13: Parsing script Example.material
13:58:13: OGRE EXCEPTION(2:InvalidParametersException): Parameter called camObjPos does not exist.  in GpuProgramParameters::_findNamedConstantDefinition at f:\codingextra\ogre\shoggoth_vc8\ogre\ogremain\src\ogregpuprogram.cpp (line 1097)
13:58:13: Compiler error: invalid parameters in Example.material(762): setting of constant failed
13:58:13: GLSL compiling: Ogre/HardwareSkinningTwoWeightsShadowCasterGLSL
13:58:13: GLSL compiled : Ogre/HardwareSkinningTwoWeightsShadowCasterGLSL
13:58:13: Parsing script Examples-Advanced.material
13:58:13: Compiler error: object unsupported by render system in Examples-Advanced.material(381)
13:58:13: Parsing script facial.material
13:58:13: Parsing script Glass.material
13:58:13: Parsing script GLSLSwizzle.material
13:58:13: GLSL compiling: Ogre/GPTest/Swizzle_GP_GLSL
13:58:13: GLSL compiled : Ogre/GPTest/Swizzle_GP_GLSL
13:58:13: GLSL compiling: Ogre/GPTest/Passthrough_VP_GLSL
13:58:13: GLSL compiled : Ogre/GPTest/Passthrough_VP_GLSL
13:58:13: Parsing script Halftone.material
13:58:13: Parsing script hdr.material
13:58:13: GLSL compiling: Ogre/Compositor/HDR/downscale2x2LuminenceGLSL_fp
13:58:13: GLSL compiled : Ogre/Compositor/HDR/downscale2x2LuminenceGLSL_fp
13:58:13: GLSL compiling: Ogre/Compositor/StdQuad_GLSL_vp
13:58:13: GLSL compiled : Ogre/Compositor/StdQuad_GLSL_vp
13:58:13: GLSL compiling: Ogre/Compositor/HDR/downscale3x3GLSL_fp
13:58:13: GLSL compiled : Ogre/Compositor/HDR/downscale3x3GLSL_fp
13:58:13: GLSL compiling: Ogre/Compositor/HDR/utils_fp
13:58:13: GLSL compiled : Ogre/Compositor/HDR/utils_fp
13:58:13: GLSL compiling: Ogre/Compositor/HDR/downscale3x3brightpassGLSL_fp
13:58:13: GLSL compiled : Ogre/Compositor/HDR/downscale3x3brightpassGLSL_fp
13:58:13: GLSL compiling: Ogre/Compositor/HDR/bloomGLSL_fp
13:58:13: GLSL compiled : Ogre/Compositor/HDR/bloomGLSL_fp
13:58:13: GLSL compiling: Ogre/Compositor/HDR/utils_fp
13:58:13: GLSL compiled : Ogre/Compositor/HDR/utils_fp
13:58:13: GLSL compiling: Ogre/Compositor/HDR/finaltonemappingGLSL_fp
13:58:13: GLSL compiled : Ogre/Compositor/HDR/finaltonemappingGLSL_fp
13:58:13: Parsing script HeatVision.material
13:58:13: Parsing script Hurt.material
13:58:13: Parsing script instancing.material
13:58:13: GLSL compiling: InstancingGLSL
13:58:13: GLSL compiled : InstancingGLSL
13:58:13: GLSL compiling: InstancingShadowCasterGLSL
13:58:13: GLSL compiled : InstancingShadowCasterGLSL
13:58:13: GLSL compiling: CrowdGLSL
13:58:13: GLSL compiled : CrowdGLSL
13:58:13: GLSL compiling: CrowdShadowCasterGLSL
13:58:13: GLSL compiled : CrowdShadowCasterGLSL
13:58:13: Parsing script Invert.material
13:58:13: Parsing script IsoSurf.material
13:58:13: Problem parsing the following Cg Uniform: '@TMP1' in file Ogre/IsoSurf/TessellateTetrahedraGS
13:58:13: Parsing script Laplace.material
13:58:13: Parsing script MotionBlur.material
13:58:14: Parsing script MRTtest.material
13:58:14: GLSL compiling: Ogre/MRTtest/scenefp/GLSL
13:58:14: GLSL compiled : Ogre/MRTtest/scenefp/GLSL
13:58:14: GLSL compiling: Ogre/MRTtest/quadfp/GLSL
13:58:14: GLSL compiled : Ogre/MRTtest/quadfp/GLSL
13:58:14: Parsing script NightVision.material
13:58:14: Parsing script Ocean.material
13:58:14: GLSL compiling: GLSL/OceanVS
13:58:14: GLSL compiled : GLSL/OceanVS
13:58:14: GLSL compiling: GLSL/OceanFS
13:58:14: GLSL compiled : GLSL/OceanFS
13:58:14: GLSL compiling: GLSL/Ocean2VS
13:58:14: GLSL compiled : GLSL/Ocean2VS
13:58:14: GLSL compiling: GLSL/Ocean2FS
13:58:14: GLSL compiled : GLSL/Ocean2FS
13:58:14: Parsing script OffsetMapping.material
13:58:14: Compiler error: object unsupported by render system in OffsetMapping.material(18)
13:58:14: GLSL compiling: Examples/OffsetMappingIntegratedShadowsFPglsl
13:58:14: GLSL compiled : Examples/OffsetMappingIntegratedShadowsFPglsl
13:58:14: GLSL compiling: Examples/OffsetMappingIntegratedShadowsVPglsl
13:58:14: GLSL compiled : Examples/OffsetMappingIntegratedShadowsVPglsl
13:58:14: Parsing script Ogre.material
13:58:14: Parsing script OldMovie.material
13:58:14: Parsing script OldTV.material
13:58:14: Parsing script ParticleGS.material
13:58:14: Parsing script Posterize.material
13:58:14: Parsing script pssm.material
13:58:14: Parsing script RadialBlur.material
13:58:14: Parsing script RZR-002.material
13:58:14: Parsing script SharpenEdges.material
13:58:14: Parsing script smoke.material
13:58:14: Parsing script Tiling.material
13:58:14: Parsing script VarianceShadowmap.material
13:58:14: Parsing script deferred.material
13:58:14: GLSL compiling: DeferredShading/material/glsl/vs
13:58:14: GLSL compiled : DeferredShading/material/glsl/vs
13:58:14: GLSL compiling: DeferredShading/material/glsl/nm_vs
13:58:14: GLSL compiled : DeferredShading/material/glsl/nm_vs
13:58:14: Parsing script deferreddemo.material
13:58:14: Parsing script deferred_post_ambient.material
13:58:14: Parsing script deferred_post_debug.material
13:58:14: Parsing script deferred_post_minilight.material
13:58:14: Parsing script deferred_post_multipass.material
13:58:14: Parsing script deferred_post_onepass.material
13:58:14: Parsing script ROOM.material
13:58:14: Parsing script RomanBath.material
13:58:14: Parsing script bbuilding.material
13:58:14: Parsing script building.material
13:58:14: Parsing script Estac.material
13:58:14: Parsing script exhibition_building.material
13:58:14: Parsing script G6.material
13:58:14: Parsing script KEHL.material
13:58:14: Parsing script townHouse.material
13:58:14: Parsing script xianshun.material
13:58:14: Parsing script emitted_emitter.particle
13:58:14: Parsing script Example-Water.particle
13:58:14: Parsing script Example.particle
13:58:14: Parsing script smoke.particle
13:58:14: Parsing script xianshun.particle
13:58:14: Parsing script Examples.compositor
13:58:15: Parsing script deferred.compositor
13:58:15: Parsing script sample.fontdef
13:58:15: Parsing script Compositor.overlay
13:58:15: Parsing script DP3.overlay
13:58:15: Parsing script Example-CubeMapping.overlay
13:58:15: Parsing script Example-DynTex.overlay
13:58:15: Parsing script Example-Water.overlay
13:58:15: Parsing script Shadows.overlay
13:58:15: Parsing script xianshun.overlay
13:58:15: Finished parsing scripts for resource group General
13:58:15: Parsing scripts for resource group Internal
13:58:15: Finished parsing scripts for resource group Internal
13:58:15: Texture: rockwall.tga: Loading 1 faces(PF_R8G8B8,256x256x1) with 5 generated mipmaps from Image. Internal format is PF_X8R8G8B8,256x256x1.
13:58:15: Texture: clouds.jpg: Loading 1 faces(PF_R8G8B8,256x256x1) with 5 generated mipmaps from Image. Internal format is PF_X8R8G8B8,256x256x1.
13:58:15: Texture: TaharezLook.tga: Loading 1 faces(PF_A8R8G8B8,256x256x1) with 0 generated mipmaps from Image. Internal format is PF_A8R8G8B8,256x256x1.
13:58:15: Mesh: Loading building.mesh.
13:58:15: WARNING: building.mesh is an older format ([MeshSerializer_v1.30]); you should upgrade it as soon as possible using the OgreMeshUpgrade tool.
13:58:15: Texture: R02_03.png: Loading 1 faces(PF_R8G8B8,600x355x1) with 5 generated mipmaps from Image. Internal format is PF_X8R8G8B8,600x355x1.
13:58:16: Texture: R02_02.png: Loading 1 faces(PF_R8G8B8,201x207x1) with 5 generated mipmaps from Image. Internal format is PF_X8R8G8B8,201x207x1.
13:58:16: Texture: B02_CON.png: Loading 1 faces(PF_A8R8G8B8,650x380x1) with 5 generated mipmaps from Image. Internal format is PF_A8R8G8B8,650x380x1.
13:58:16: Texture: B04_CON.png: Loading 1 faces(PF_R8G8B8,650x380x1) with 5 generated mipmaps from Image. Internal format is PF_X8R8G8B8,650x380x1.
13:58:16: Texture: DOOR.png: Loading 1 faces(PF_R8G8B8,500x500x1) with 5 generated mipmaps from Image. Internal format is PF_X8R8G8B8,500x500x1.
13:58:16: Texture: B03_CON.png: Loading 1 faces(PF_R8G8B8,650x380x1) with 5 generated mipmaps from Image. Internal format is PF_X8R8G8B8,650x380x1.
13:58:16: Texture: B01.png: Loading 1 faces(PF_A8R8G8B8,650x380x1) with 5 generated mipmaps from Image. Internal format is PF_A8R8G8B8,650x380x1.
13:58:16: Texture: B02B_CON.png: Loading 1 faces(PF_R8G8B8,650x380x1) with 5 generated mipmaps from Image. Internal format is PF_X8R8G8B8,650x380x1.
13:58:16: Texture: B01_C.png: Loading 1 faces(PF_A8R8G8B8,650x380x1) with 5 generated mipmaps from Image. Internal format is PF_A8R8G8B8,650x380x1.
13:58:16: Texture: B01_B.png: Loading 1 faces(PF_A8R8G8B8,650x380x1) with 5 generated mipmaps from Image. Internal format is PF_A8R8G8B8,650x380x1.
13:58:17: Texture: B02C_CON.png: Loading 1 faces(PF_R8G8B8,650x380x1) with 5 generated mipmaps from Image. Internal format is PF_X8R8G8B8,650x380x1.
13:58:17: Texture: ground.png: Loading 1 faces(PF_R8G8B8,800x800x1) with 5 generated mipmaps from Image. Internal format is PF_X8R8G8B8,800x800x1.
13:58:17: Texture: R01.png: Loading 1 faces(PF_R8G8B8,512x512x1) with 5 generated mipmaps from Image. Internal format is PF_X8R8G8B8,512x512x1.
13:58:17: Texture: WIN.png: Loading 1 faces(PF_A8R8G8B8,585x248x1) with 5 generated mipmaps from Image. Internal format is PF_A8R8G8B8,585x248x1.
13:58:17: Mesh: Loading razor.mesh.
13:58:17: Texture: texmap2.jpg: Loading 1 faces(PF_R8G8B8,512x512x1) with 5 generated mipmaps from Image. Internal format is PF_X8R8G8B8,512x512x1.
13:58:17: Mesh: Loading G6.mesh.
13:58:17: WARNING: G6.mesh is an older format ([MeshSerializer_v1.30]); you should upgrade it as soon as possible using the OgreMeshUpgrade tool.
13:58:17: Texture: G6_HULL.TGA: Loading 1 faces(PF_A8R8G8B8,1024x1024x1) with 5 generated mipmaps from Image. Internal format is PF_A8R8G8B8,1024x1024x1.
13:58:18: Texture: G6_TURRET.TGA: Loading 1 faces(PF_A8R8G8B8,1024x1024x1) with 5 generated mipmaps from Image. Internal format is PF_A8R8G8B8,1024x1024x1.
13:58:18: Texture: G6_GunBaseBarrel.tga: Loading 1 faces(PF_A8R8G8B8,512x512x1) with 5 generated mipmaps from Image. Internal format is PF_A8R8G8B8,512x512x1.
13:58:18: Texture: G6_Tyre.tga: Loading 1 faces(PF_A8R8G8B8,512x512x1) with 5 generated mipmaps from Image. Internal format is PF_A8R8G8B8,512x512x1.
13:58:18: Texture: _cegui_ogre_0: Loading 1 faces(PF_A8R8G8B8,256x256x1) with 0 generated mipmaps from Image. Internal format is PF_A8R8G8B8,256x256x1.
13:58:18: Texture: flare.png: Loading 1 faces(PF_R8G8B8,256x256x1) with 5 generated mipmaps from Image. Internal format is PF_X8R8G8B8,256x256x1.
13:58:18: Texture: smoke.png: Loading 1 faces(PF_A8R8G8B8,256x256x1) with 5 generated mipmaps from Image. Internal format is PF_A8R8G8B8,256x256x1.
